[ 2017-03-24T09:39:15+08:00 ] 127.0.0.1 /register/index.php/Home/User/shake/latitude/29.62405/longitude/106.48683
INFO: [ app_init ] --START--
INFO: Run Behavior\BuildLiteBehavior [ RunTime:0.000073s ]
INFO: [ app_init ] --END-- [ RunTime:0.023629s ]
INFO: [ app_begin ] --START--
INFO: Run Behavior\ReadHtmlCacheBehavior [ RunTime:0.016771s ]
INFO: [ app_begin ] --END-- [ RunTime:0.016924s ]
NOTIC: [8] Undefined index: openid D:\WWW\dev\register\Application\Home\Controller\CommonController.class.php 第 6 行.
SQL: SHOW COLUMNS FROM `p_sets` [ RunTime:0.0413s ]
SQL: SELECT * FROM `p_sets` WHERE `id` IN ('5','6','7')  [ RunTime:0.0016s ]

[ 2017-03-24T09:39:48+08:00 ] 127.0.0.1 /register/index.php/Home/User/shake/latitude/29.62405/longitude/106.48683
INFO: [ app_init ] --START--
INFO: Run Behavior\BuildLiteBehavior [ RunTime:0.000015s ]
INFO: [ app_init ] --END-- [ RunTime:0.000454s ]
INFO: [ app_begin ] --START--
INFO: Run Behavior\ReadHtmlCacheBehavior [ RunTime:0.000429s ]
INFO: [ app_begin ] --END-- [ RunTime:0.000492s ]
NOTIC: [8] Undefined index: openid D:\WWW\dev\register\Application\Home\Controller\CommonController.class.php 第 6 行.
SQL: SHOW COLUMNS FROM `p_sets` [ RunTime:0.0075s ]
SQL: SELECT * FROM `p_sets` WHERE `id` IN ('5','6','7')  [ RunTime:0.0016s ]

[ 2017-03-24T09:40:23+08:00 ] 127.0.0.1 /register/index.php/Home/User/shake/latitude/29.62405/longitude/106.48683
INFO: [ app_init ] --START--
INFO: Run Behavior\BuildLiteBehavior [ RunTime:0.000017s ]
INFO: [ app_init ] --END-- [ RunTime:0.000409s ]
INFO: [ app_begin ] --START--
INFO: Run Behavior\ReadHtmlCacheBehavior [ RunTime:0.000447s ]
INFO: [ app_begin ] --END-- [ RunTime:0.000513s ]
NOTIC: [8] Undefined index: openid D:\WWW\dev\register\Application\Home\Controller\CommonController.class.php 第 6 行.
SQL: SHOW COLUMNS FROM `p_sets` [ RunTime:0.0096s ]
SQL: SELECT * FROM `p_sets` WHERE `id` IN ('5','6','7')  [ RunTime:0.0005s ]

[ 2017-03-24T09:41:00+08:00 ] 127.0.0.1 /register/index.php/Home/User/shake/latitude/29.62405/longitude/106.48683
INFO: [ app_init ] --START--
INFO: Run Behavior\BuildLiteBehavior [ RunTime:0.000017s ]
INFO: [ app_init ] --END-- [ RunTime:0.000363s ]
INFO: [ app_begin ] --START--
INFO: Run Behavior\ReadHtmlCacheBehavior [ RunTime:0.000441s ]
INFO: [ app_begin ] --END-- [ RunTime:0.000505s ]
NOTIC: [8] Undefined index: openid D:\WWW\dev\register\Application\Home\Controller\CommonController.class.php 第 6 行.
SQL: SHOW COLUMNS FROM `p_sets` [ RunTime:0.0087s ]
SQL: SELECT * FROM `p_sets` WHERE `id` IN ('5','6','7')  [ RunTime:0.0013s ]

[ 2017-03-24T09:41:23+08:00 ] 127.0.0.1 /register/index.php/Home/User/shake/latitude/29.62405/longitude/106.48683
INFO: [ app_init ] --START--
INFO: Run Behavior\BuildLiteBehavior [ RunTime:0.000017s ]
INFO: [ app_init ] --END-- [ RunTime:0.000510s ]
INFO: [ app_begin ] --START--
INFO: Run Behavior\ReadHtmlCacheBehavior [ RunTime:0.000694s ]
INFO: [ app_begin ] --END-- [ RunTime:0.000794s ]
NOTIC: [8] Undefined index: openid D:\WWW\dev\register\Application\Home\Controller\CommonController.class.php 第 6 行.
SQL: SHOW COLUMNS FROM `p_sets` [ RunTime:0.0071s ]
SQL: SELECT * FROM `p_sets` WHERE `id` IN ('5','6','7')  [ RunTime:0.0006s ]

[ 2017-03-24T09:42:05+08:00 ] 127.0.0.1 /register/index.php/Home/User/shake/latitude/29.62405/longitude/106.48683
INFO: [ app_init ] --START--
INFO: Run Behavior\BuildLiteBehavior [ RunTime:0.000024s ]
INFO: [ app_init ] --END-- [ RunTime:0.000597s ]
INFO: [ app_begin ] --START--
INFO: Run Behavior\ReadHtmlCacheBehavior [ RunTime:0.001031s ]
INFO: [ app_begin ] --END-- [ RunTime:0.001188s ]
NOTIC: [8] Undefined index: openid D:\WWW\dev\register\Application\Home\Controller\CommonController.class.php 第 6 行.
SQL: SHOW COLUMNS FROM `p_sets` [ RunTime:0.0141s ]
SQL: SELECT * FROM `p_sets` WHERE `id` IN ('5','6','7')  [ RunTime:0.0031s ]

[ 2017-03-24T09:42:31+08:00 ] 127.0.0.1 /register/index.php/Home/User/shake/latitude/29.62405/longitude/106.48683
INFO: [ app_init ] --START--
INFO: Run Behavior\BuildLiteBehavior [ RunTime:0.000014s ]
INFO: [ app_init ] --END-- [ RunTime:0.000382s ]
INFO: [ app_begin ] --START--
INFO: Run Behavior\ReadHtmlCacheBehavior [ RunTime:0.000439s ]
INFO: [ app_begin ] --END-- [ RunTime:0.000545s ]
NOTIC: [8] Undefined index: openid D:\WWW\dev\register\Application\Home\Controller\CommonController.class.php 第 6 行.
SQL: SHOW COLUMNS FROM `p_sets` [ RunTime:0.0081s ]
SQL: SELECT * FROM `p_sets` WHERE `id` IN ('5','6','7')  [ RunTime:0.0017s ]

[ 2017-03-24T09:43:07+08:00 ] 127.0.0.1 /register/index.php/Home/User/shake/latitude/29.62405/longitude/106.48683
INFO: [ app_init ] --START--
INFO: Run Behavior\BuildLiteBehavior [ RunTime:0.000015s ]
INFO: [ app_init ] --END-- [ RunTime:0.000355s ]
INFO: [ app_begin ] --START--
INFO: Run Behavior\ReadHtmlCacheBehavior [ RunTime:0.000427s ]
INFO: [ app_begin ] --END-- [ RunTime:0.000491s ]
NOTIC: [8] Undefined index: openid D:\WWW\dev\register\Application\Home\Controller\CommonController.class.php 第 6 行.
SQL: SHOW COLUMNS FROM `p_sets` [ RunTime:0.0073s ]
SQL: SELECT * FROM `p_sets` WHERE `id` IN ('5','6','7')  [ RunTime:0.0022s ]

