[ 2017-05-04T19:38:05+08:00 ] 127.0.0.1 /register/index.php/Home/Index/index/openid/o2MKus4RU3wyRDzn9SzamKKMcCac
INFO: [ app_init ] --START--
INFO: Run Behavior\BuildLiteBehavior [ RunTime:0.000023s ]
INFO: [ app_init ] --END-- [ RunTime:0.002777s ]
INFO: [ app_begin ] --START--
INFO: Run Behavior\ReadHtmlCacheBehavior [ RunTime:0.015656s ]
INFO: [ app_begin ] --END-- [ RunTime:0.015770s ]
SQL: SHOW COLUMNS FROM `p_menber` [ RunTime:0.0452s ]
SQL: SELECT * FROM `p_menber` WHERE `openid` = 'o2MKus4RU3wyRDzn9SzamKKMcCac'  [ RunTime:0.0018s ]
INFO: [ view_parse ] --START--
INFO: [ template_filter ] --START--
INFO: Run Behavior\ContentReplaceBehavior [ RunTime:0.020091s ]
INFO: [ template_filter ] --END-- [ RunTime:0.020227s ]
INFO: Run Behavior\ParseTemplateBehavior [ RunTime:0.158254s ]
INFO: [ view_parse ] --END-- [ RunTime:0.158409s ]
INFO: [ view_filter ] --START--
INFO: Run Behavior\WriteHtmlCacheBehavior [ RunTime:0.023561s ]
INFO: [ view_filter ] --END-- [ RunTime:0.023656s ]
INFO: [ app_end ] --START--
INFO: Run Behavior\ShowPageTraceBehavior [ RunTime:0.001493s ]
INFO: [ app_end ] --END-- [ RunTime:0.001575s ]

[ 2017-05-04T19:38:08+08:00 ] 127.0.0.1 /register/index.php/Home/User/record
INFO: [ app_init ] --START--
INFO: Run Behavior\BuildLiteBehavior [ RunTime:0.000038s ]
INFO: [ app_init ] --END-- [ RunTime:0.001130s ]
INFO: [ app_begin ] --START--
INFO: Run Behavior\ReadHtmlCacheBehavior [ RunTime:0.001090s ]
INFO: [ app_begin ] --END-- [ RunTime:0.001219s ]
NOTIC: [8] Undefined index: openid D:\WWW\dev\register\Application\Home\Controller\CommonController.class.php 第 6 行.
SQL: SHOW COLUMNS FROM `p_log` [ RunTime:0.0463s ]
SQL: SELECT * FROM `p_log` WHERE `userid` = 5 ORDER BY id desc  [ RunTime:0.0065s ]
INFO: [ view_parse ] --START--
INFO: [ template_filter ] --START--
INFO: Run Behavior\ContentReplaceBehavior [ RunTime:0.000207s ]
INFO: [ template_filter ] --END-- [ RunTime:0.000318s ]
INFO: Run Behavior\ParseTemplateBehavior [ RunTime:0.014318s ]
INFO: [ view_parse ] --END-- [ RunTime:0.014454s ]
INFO: [ view_filter ] --START--
INFO: Run Behavior\WriteHtmlCacheBehavior [ RunTime:0.000473s ]
INFO: [ view_filter ] --END-- [ RunTime:0.000561s ]
INFO: [ app_end ] --START--
INFO: Run Behavior\ShowPageTraceBehavior [ RunTime:0.001238s ]
INFO: [ app_end ] --END-- [ RunTime:0.001363s ]

[ 2017-05-04T19:38:09+08:00 ] 127.0.0.1 /register/index.php/Home/User/js/mui.min.js
INFO: [ app_init ] --START--
INFO: Run Behavior\BuildLiteBehavior [ RunTime:0.000980s ]
INFO: [ app_init ] --END-- [ RunTime:0.009078s ]
INFO: [ app_begin ] --START--
INFO: Run Behavior\ReadHtmlCacheBehavior [ RunTime:0.001704s ]
INFO: [ app_begin ] --END-- [ RunTime:0.001888s ]
NOTIC: [8] Undefined index: openid D:\WWW\dev\register\Application\Home\Controller\CommonController.class.php 第 6 行.
ERR: 非法操作:js

[ 2017-05-04T19:38:30+08:00 ] 127.0.0.1 /register/index.php/Home/User/record/openid/o2MKus4RU3wyRDzn9SzamKKMcCac
INFO: [ app_init ] --START--
INFO: Run Behavior\BuildLiteBehavior [ RunTime:0.000038s ]
INFO: [ app_init ] --END-- [ RunTime:0.003525s ]
INFO: [ app_begin ] --START--
INFO: Run Behavior\ReadHtmlCacheBehavior [ RunTime:0.001097s ]
INFO: [ app_begin ] --END-- [ RunTime:0.001244s ]
SQL: SHOW COLUMNS FROM `p_menber` [ RunTime:0.0156s ]
SQL: SELECT * FROM `p_menber` WHERE `openid` = 'o2MKus4RU3wyRDzn9SzamKKMcCac'  [ RunTime:0.0029s ]
SQL: SHOW COLUMNS FROM `p_log` [ RunTime:0.0185s ]
SQL: SELECT * FROM `p_log` WHERE `userid` = 5 ORDER BY id desc  [ RunTime:0.0026s ]
INFO: [ view_parse ] --START--
INFO: [ template_filter ] --START--
INFO: Run Behavior\ContentReplaceBehavior [ RunTime:0.000221s ]
INFO: [ template_filter ] --END-- [ RunTime:0.000366s ]
INFO: Run Behavior\ParseTemplateBehavior [ RunTime:0.016175s ]
INFO: [ view_parse ] --END-- [ RunTime:0.016323s ]
INFO: [ view_filter ] --START--
INFO: Run Behavior\WriteHtmlCacheBehavior [ RunTime:0.000472s ]
INFO: [ view_filter ] --END-- [ RunTime:0.000550s ]
INFO: [ app_end ] --START--
INFO: Run Behavior\ShowPageTraceBehavior [ RunTime:0.000908s ]
INFO: [ app_end ] --END-- [ RunTime:0.000993s ]

[ 2017-05-04T19:38:30+08:00 ] 127.0.0.1 /register/index.php/Home/User/record/openid/js/mui.min.js
INFO: [ app_init ] --START--
INFO: Run Behavior\BuildLiteBehavior [ RunTime:0.000034s ]
INFO: [ app_init ] --END-- [ RunTime:0.001857s ]
INFO: [ app_begin ] --START--
INFO: Run Behavior\ReadHtmlCacheBehavior [ RunTime:0.001358s ]
INFO: [ app_begin ] --END-- [ RunTime:0.001512s ]
SQL: SHOW COLUMNS FROM `p_menber` [ RunTime:0.0160s ]
SQL: SELECT * FROM `p_menber` WHERE `openid` = 'js'  [ RunTime:0.0028s ]
NOTIC: [8] Undefined offset: 0 D:\WWW\dev\register\Application\Home\Controller\CommonController.class.php 第 9 行.
NOTIC: [8] Undefined offset: 0 D:\WWW\dev\register\Application\Home\Controller\CommonController.class.php 第 10 行.
NOTIC: [8] Undefined offset: 0 D:\WWW\dev\register\Application\Home\Controller\CommonController.class.php 第 11 行.
SQL: SHOW COLUMNS FROM `p_log` [ RunTime:0.0194s ]
SQL: SELECT * FROM `p_log` WHERE `userid` = null ORDER BY id desc  [ RunTime:0.0023s ]
INFO: [ view_parse ] --START--
INFO: [ template_filter ] --START--
INFO: Run Behavior\ContentReplaceBehavior [ RunTime:0.000211s ]
INFO: [ template_filter ] --END-- [ RunTime:0.000338s ]
INFO: Run Behavior\ParseTemplateBehavior [ RunTime:0.020178s ]
INFO: [ view_parse ] --END-- [ RunTime:0.020354s ]
INFO: [ view_filter ] --START--
INFO: Run Behavior\WriteHtmlCacheBehavior [ RunTime:0.003865s ]
INFO: [ view_filter ] --END-- [ RunTime:0.003999s ]
INFO: [ app_end ] --START--
INFO: Run Behavior\ShowPageTraceBehavior [ RunTime:0.001747s ]
INFO: [ app_end ] --END-- [ RunTime:0.001872s ]

[ 2017-05-04T19:39:27+08:00 ] 127.0.0.1 /register/index.php/Home/User/record/openid/o2MKus4RU3wyRDzn9SzamKKMcCac
INFO: [ app_init ] --START--
INFO: Run Behavior\BuildLiteBehavior [ RunTime:0.000035s ]
INFO: [ app_init ] --END-- [ RunTime:0.001313s ]
INFO: [ app_begin ] --START--
INFO: Run Behavior\ReadHtmlCacheBehavior [ RunTime:0.002867s ]
INFO: [ app_begin ] --END-- [ RunTime:0.003038s ]
SQL: SHOW COLUMNS FROM `p_menber` [ RunTime:0.0173s ]
SQL: SELECT * FROM `p_menber` WHERE `openid` = 'o2MKus4RU3wyRDzn9SzamKKMcCac'  [ RunTime:0.0022s ]
SQL: SHOW COLUMNS FROM `p_log` [ RunTime:0.0162s ]
SQL: SELECT * FROM `p_log` WHERE `userid` = 5 ORDER BY id desc  [ RunTime:0.0020s ]
INFO: [ view_parse ] --START--
INFO: [ template_filter ] --START--
INFO: Run Behavior\ContentReplaceBehavior [ RunTime:0.000213s ]
INFO: [ template_filter ] --END-- [ RunTime:0.000404s ]
INFO: Run Behavior\ParseTemplateBehavior [ RunTime:0.017614s ]
INFO: [ view_parse ] --END-- [ RunTime:0.017741s ]
INFO: [ view_filter ] --START--
INFO: Run Behavior\WriteHtmlCacheBehavior [ RunTime:0.000498s ]
INFO: [ view_filter ] --END-- [ RunTime:0.000583s ]
INFO: [ app_end ] --START--
INFO: Run Behavior\ShowPageTraceBehavior [ RunTime:0.001041s ]
INFO: [ app_end ] --END-- [ RunTime:0.001150s ]

[ 2017-05-04T19:41:46+08:00 ] 127.0.0.1 /register/index.php/Home/User/record/openid/o2MKus4RU3wyRDzn9SzamKKMcCac
INFO: [ app_init ] --START--
INFO: Run Behavior\BuildLiteBehavior [ RunTime:0.000023s ]
INFO: [ app_init ] --END-- [ RunTime:0.000895s ]
INFO: [ app_begin ] --START--
INFO: Run Behavior\ReadHtmlCacheBehavior [ RunTime:0.001062s ]
INFO: [ app_begin ] --END-- [ RunTime:0.001265s ]
SQL: SHOW COLUMNS FROM `p_menber` [ RunTime:0.0175s ]
SQL: SELECT * FROM `p_menber` WHERE `openid` = 'o2MKus4RU3wyRDzn9SzamKKMcCac'  [ RunTime:0.0029s ]
SQL: SHOW COLUMNS FROM `p_log` [ RunTime:0.0204s ]
SQL: SELECT * FROM `p_log` WHERE `userid` = 5 ORDER BY id desc  [ RunTime:0.0023s ]
INFO: [ view_parse ] --START--
INFO: [ template_filter ] --START--
INFO: Run Behavior\ContentReplaceBehavior [ RunTime:0.000286s ]
INFO: [ template_filter ] --END-- [ RunTime:0.000553s ]
INFO: Run Behavior\ParseTemplateBehavior [ RunTime:0.022583s ]
INFO: [ view_parse ] --END-- [ RunTime:0.022696s ]
INFO: [ view_filter ] --START--
INFO: Run Behavior\WriteHtmlCacheBehavior [ RunTime:0.000518s ]
INFO: [ view_filter ] --END-- [ RunTime:0.000583s ]
INFO: [ app_end ] --START--
INFO: Run Behavior\ShowPageTraceBehavior [ RunTime:0.000914s ]
INFO: [ app_end ] --END-- [ RunTime:0.001000s ]

[ 2017-05-04T19:44:52+08:00 ] 127.0.0.1 /register/index.php/Home/User/record/openid/o2MKus4RU3wyRDzn9SzamKKMcCac
INFO: [ app_init ] --START--
INFO: Run Behavior\BuildLiteBehavior [ RunTime:0.000034s ]
INFO: [ app_init ] --END-- [ RunTime:0.001095s ]
INFO: [ app_begin ] --START--
INFO: Run Behavior\ReadHtmlCacheBehavior [ RunTime:0.001191s ]
INFO: [ app_begin ] --END-- [ RunTime:0.001342s ]
SQL: SHOW COLUMNS FROM `p_menber` [ RunTime:0.0178s ]
SQL: SELECT * FROM `p_menber` WHERE `openid` = 'o2MKus4RU3wyRDzn9SzamKKMcCac'  [ RunTime:0.0018s ]
SQL: SHOW COLUMNS FROM `p_log` [ RunTime:0.0132s ]
SQL: SELECT * FROM `p_log` WHERE `userid` = 5 ORDER BY id desc  [ RunTime:0.0020s ]
INFO: [ view_parse ] --START--
INFO: [ template_filter ] --START--
INFO: Run Behavior\ContentReplaceBehavior [ RunTime:0.000135s ]
INFO: [ template_filter ] --END-- [ RunTime:0.000238s ]
INFO: Run Behavior\ParseTemplateBehavior [ RunTime:0.015843s ]
INFO: [ view_parse ] --END-- [ RunTime:0.015987s ]
INFO: [ view_filter ] --START--
INFO: Run Behavior\WriteHtmlCacheBehavior [ RunTime:0.001585s ]
INFO: [ view_filter ] --END-- [ RunTime:0.001699s ]
INFO: [ app_end ] --START--
INFO: Run Behavior\ShowPageTraceBehavior [ RunTime:0.003265s ]
INFO: [ app_end ] --END-- [ RunTime:0.003395s ]

[ 2017-05-04T19:47:12+08:00 ] 127.0.0.1 /register/index.php/Home/User/record/openid/o2MKus4RU3wyRDzn9SzamKKMcCac
INFO: [ app_init ] --START--
INFO: Run Behavior\BuildLiteBehavior [ RunTime:0.000039s ]
INFO: [ app_init ] --END-- [ RunTime:0.001135s ]
INFO: [ app_begin ] --START--
INFO: Run Behavior\ReadHtmlCacheBehavior [ RunTime:0.001314s ]
INFO: [ app_begin ] --END-- [ RunTime:0.001452s ]
SQL: SHOW COLUMNS FROM `p_menber` [ RunTime:0.0168s ]
SQL: SELECT * FROM `p_menber` WHERE `openid` = 'o2MKus4RU3wyRDzn9SzamKKMcCac'  [ RunTime:0.0018s ]
SQL: SHOW COLUMNS FROM `p_log` [ RunTime:0.0183s ]
SQL: SELECT * FROM `p_log` WHERE `userid` = 5 ORDER BY id desc  [ RunTime:0.0020s ]
INFO: [ view_parse ] --START--
INFO: [ template_filter ] --START--
INFO: Run Behavior\ContentReplaceBehavior [ RunTime:0.000218s ]
INFO: [ template_filter ] --END-- [ RunTime:0.000393s ]
INFO: Run Behavior\ParseTemplateBehavior [ RunTime:0.014381s ]
INFO: [ view_parse ] --END-- [ RunTime:0.014523s ]
INFO: [ view_filter ] --START--
INFO: Run Behavior\WriteHtmlCacheBehavior [ RunTime:0.000910s ]
INFO: [ view_filter ] --END-- [ RunTime:0.001013s ]
INFO: [ app_end ] --START--
INFO: Run Behavior\ShowPageTraceBehavior [ RunTime:0.001811s ]
INFO: [ app_end ] --END-- [ RunTime:0.001922s ]

[ 2017-05-04T19:47:31+08:00 ] 127.0.0.1 /register/index.php/Home/User/record/openid/o2MKus4RU3wyRDzn9SzamKKMcCac
INFO: [ app_init ] --START--
INFO: Run Behavior\BuildLiteBehavior [ RunTime:0.000023s ]
INFO: [ app_init ] --END-- [ RunTime:0.000639s ]
INFO: [ app_begin ] --START--
INFO: Run Behavior\ReadHtmlCacheBehavior [ RunTime:0.000873s ]
INFO: [ app_begin ] --END-- [ RunTime:0.000997s ]
SQL: SHOW COLUMNS FROM `p_menber` [ RunTime:0.0129s ]
SQL: SELECT * FROM `p_menber` WHERE `openid` = 'o2MKus4RU3wyRDzn9SzamKKMcCac'  [ RunTime:0.0027s ]
SQL: SHOW COLUMNS FROM `p_log` [ RunTime:0.0206s ]
SQL: SELECT * FROM `p_log` WHERE `userid` = 5 ORDER BY id desc  [ RunTime:0.0035s ]
INFO: [ view_parse ] --START--
INFO: [ template_filter ] --START--
INFO: Run Behavior\ContentReplaceBehavior [ RunTime:0.000279s ]
INFO: [ template_filter ] --END-- [ RunTime:0.000447s ]
INFO: Run Behavior\ParseTemplateBehavior [ RunTime:0.014363s ]
INFO: [ view_parse ] --END-- [ RunTime:0.014503s ]
INFO: [ view_filter ] --START--
INFO: Run Behavior\WriteHtmlCacheBehavior [ RunTime:0.000564s ]
INFO: [ view_filter ] --END-- [ RunTime:0.000660s ]
INFO: [ app_end ] --START--
INFO: Run Behavior\ShowPageTraceBehavior [ RunTime:0.001335s ]
INFO: [ app_end ] --END-- [ RunTime:0.001524s ]

[ 2017-05-04T19:47:55+08:00 ] 127.0.0.1 /register/index.php/Home/User/record/openid/o2MKus4RU3wyRDzn9SzamKKMcCac
INFO: [ app_init ] --START--
INFO: Run Behavior\BuildLiteBehavior [ RunTime:0.000035s ]
INFO: [ app_init ] --END-- [ RunTime:0.000977s ]
INFO: [ app_begin ] --START--
INFO: Run Behavior\ReadHtmlCacheBehavior [ RunTime:0.002215s ]
INFO: [ app_begin ] --END-- [ RunTime:0.002382s ]
SQL: SHOW COLUMNS FROM `p_menber` [ RunTime:0.0136s ]
SQL: SELECT * FROM `p_menber` WHERE `openid` = 'o2MKus4RU3wyRDzn9SzamKKMcCac'  [ RunTime:0.0019s ]
SQL: SHOW COLUMNS FROM `p_log` [ RunTime:0.0139s ]
SQL: SELECT * FROM `p_log` WHERE `userid` = 5 ORDER BY id desc  [ RunTime:0.0026s ]
INFO: [ view_parse ] --START--
INFO: [ template_filter ] --START--
INFO: Run Behavior\ContentReplaceBehavior [ RunTime:0.000243s ]
INFO: [ template_filter ] --END-- [ RunTime:0.000953s ]
INFO: Run Behavior\ParseTemplateBehavior [ RunTime:0.014967s ]
INFO: [ view_parse ] --END-- [ RunTime:0.015106s ]
INFO: [ view_filter ] --START--
INFO: Run Behavior\WriteHtmlCacheBehavior [ RunTime:0.000633s ]
INFO: [ view_filter ] --END-- [ RunTime:0.000740s ]
INFO: [ app_end ] --START--
INFO: Run Behavior\ShowPageTraceBehavior [ RunTime:0.001190s ]
INFO: [ app_end ] --END-- [ RunTime:0.001308s ]

[ 2017-05-04T19:48:02+08:00 ] 127.0.0.1 /register/index.php/Home/User/record/openid/o2MKus4RU3wyRDzn9SzamKKMcCac
INFO: [ app_init ] --START--
INFO: Run Behavior\BuildLiteBehavior [ RunTime:0.000022s ]
INFO: [ app_init ] --END-- [ RunTime:0.000627s ]
INFO: [ app_begin ] --START--
INFO: Run Behavior\ReadHtmlCacheBehavior [ RunTime:0.001281s ]
INFO: [ app_begin ] --END-- [ RunTime:0.001441s ]
SQL: SHOW COLUMNS FROM `p_menber` [ RunTime:0.0129s ]
SQL: SELECT * FROM `p_menber` WHERE `openid` = 'o2MKus4RU3wyRDzn9SzamKKMcCac'  [ RunTime:0.0031s ]
SQL: SHOW COLUMNS FROM `p_log` [ RunTime:0.0189s ]
SQL: SELECT * FROM `p_log` WHERE `userid` = 5 ORDER BY id desc  [ RunTime:0.0018s ]
INFO: [ view_parse ] --START--
INFO: [ template_filter ] --START--
INFO: Run Behavior\ContentReplaceBehavior [ RunTime:0.000226s ]
INFO: [ template_filter ] --END-- [ RunTime:0.000387s ]
INFO: Run Behavior\ParseTemplateBehavior [ RunTime:0.016459s ]
INFO: [ view_parse ] --END-- [ RunTime:0.016580s ]
INFO: [ view_filter ] --START--
INFO: Run Behavior\WriteHtmlCacheBehavior [ RunTime:0.000611s ]
INFO: [ view_filter ] --END-- [ RunTime:0.000715s ]
INFO: [ app_end ] --START--
INFO: Run Behavior\ShowPageTraceBehavior [ RunTime:0.001559s ]
INFO: [ app_end ] --END-- [ RunTime:0.001747s ]

[ 2017-05-04T19:48:15+08:00 ] 127.0.0.1 /register/index.php/Home/User/record/openid/o2MKus4RU3wyRDzn9SzamKKMcCac
INFO: [ app_init ] --START--
INFO: Run Behavior\BuildLiteBehavior [ RunTime:0.000043s ]
INFO: [ app_init ] --END-- [ RunTime:0.001057s ]
INFO: [ app_begin ] --START--
INFO: Run Behavior\ReadHtmlCacheBehavior [ RunTime:0.001845s ]
INFO: [ app_begin ] --END-- [ RunTime:0.002601s ]
SQL: SHOW COLUMNS FROM `p_menber` [ RunTime:0.0163s ]
SQL: SELECT * FROM `p_menber` WHERE `openid` = 'o2MKus4RU3wyRDzn9SzamKKMcCac'  [ RunTime:0.0027s ]
SQL: SHOW COLUMNS FROM `p_log` [ RunTime:0.0268s ]
SQL: SELECT * FROM `p_log` WHERE `userid` = 5 ORDER BY id desc  [ RunTime:0.0021s ]
INFO: [ view_parse ] --START--
INFO: [ template_filter ] --START--
INFO: Run Behavior\ContentReplaceBehavior [ RunTime:0.000196s ]
INFO: [ template_filter ] --END-- [ RunTime:0.000331s ]
INFO: Run Behavior\ParseTemplateBehavior [ RunTime:0.017702s ]
INFO: [ view_parse ] --END-- [ RunTime:0.017925s ]
INFO: [ view_filter ] --START--
INFO: Run Behavior\WriteHtmlCacheBehavior [ RunTime:0.000641s ]
INFO: [ view_filter ] --END-- [ RunTime:0.000773s ]
INFO: [ app_end ] --START--
INFO: Run Behavior\ShowPageTraceBehavior [ RunTime:0.001237s ]
INFO: [ app_end ] --END-- [ RunTime:0.001358s ]

[ 2017-05-04T19:48:46+08:00 ] 127.0.0.1 /register/index.php/Home/User/record/openid/o2MKus4RU3wyRDzn9SzamKKMcCac
INFO: [ app_init ] --START--
INFO: Run Behavior\BuildLiteBehavior [ RunTime:0.000022s ]
INFO: [ app_init ] --END-- [ RunTime:0.000623s ]
INFO: [ app_begin ] --START--
INFO: Run Behavior\ReadHtmlCacheBehavior [ RunTime:0.001628s ]
INFO: [ app_begin ] --END-- [ RunTime:0.001772s ]
SQL: SHOW COLUMNS FROM `p_menber` [ RunTime:0.0173s ]
SQL: SELECT * FROM `p_menber` WHERE `openid` = 'o2MKus4RU3wyRDzn9SzamKKMcCac'  [ RunTime:0.0021s ]
SQL: SHOW COLUMNS FROM `p_log` [ RunTime:0.0227s ]
SQL: SELECT * FROM `p_log` WHERE `userid` = 5 ORDER BY id desc  [ RunTime:0.0015s ]
INFO: [ view_parse ] --START--
INFO: [ template_filter ] --START--
INFO: Run Behavior\ContentReplaceBehavior [ RunTime:0.000172s ]
INFO: [ template_filter ] --END-- [ RunTime:0.000298s ]
INFO: Run Behavior\ParseTemplateBehavior [ RunTime:0.016802s ]
INFO: [ view_parse ] --END-- [ RunTime:0.016951s ]
INFO: [ view_filter ] --START--
INFO: Run Behavior\WriteHtmlCacheBehavior [ RunTime:0.000682s ]
INFO: [ view_filter ] --END-- [ RunTime:0.000802s ]
INFO: [ app_end ] --START--
INFO: Run Behavior\ShowPageTraceBehavior [ RunTime:0.002242s ]
INFO: [ app_end ] --END-- [ RunTime:0.002432s ]

[ 2017-05-04T19:50:36+08:00 ] 127.0.0.1 /register/index.php/Home/User/record/openid/o2MKus4RU3wyRDzn9SzamKKMcCac
INFO: [ app_init ] --START--
INFO: Run Behavior\BuildLiteBehavior [ RunTime:0.000036s ]
INFO: [ app_init ] --END-- [ RunTime:0.001072s ]
INFO: [ app_begin ] --START--
INFO: Run Behavior\ReadHtmlCacheBehavior [ RunTime:0.001619s ]
INFO: [ app_begin ] --END-- [ RunTime:0.001843s ]
SQL: SHOW COLUMNS FROM `p_menber` [ RunTime:0.0165s ]
SQL: SELECT * FROM `p_menber` WHERE `openid` = 'o2MKus4RU3wyRDzn9SzamKKMcCac'  [ RunTime:0.0027s ]
SQL: SHOW COLUMNS FROM `p_log` [ RunTime:0.0279s ]
SQL: SELECT * FROM `p_log` WHERE `userid` = 5 ORDER BY id desc  [ RunTime:0.0019s ]
INFO: [ view_parse ] --START--
INFO: [ template_filter ] --START--
INFO: Run Behavior\ContentReplaceBehavior [ RunTime:0.000228s ]
INFO: [ template_filter ] --END-- [ RunTime:0.000386s ]
INFO: Run Behavior\ParseTemplateBehavior [ RunTime:0.020619s ]
INFO: [ view_parse ] --END-- [ RunTime:0.020993s ]
INFO: [ view_filter ] --START--
INFO: Run Behavior\WriteHtmlCacheBehavior [ RunTime:0.001662s ]
INFO: [ view_filter ] --END-- [ RunTime:0.001860s ]
INFO: [ app_end ] --START--
INFO: Run Behavior\ShowPageTraceBehavior [ RunTime:0.002358s ]
INFO: [ app_end ] --END-- [ RunTime:0.002488s ]

[ 2017-05-04T19:51:06+08:00 ] 127.0.0.1 /register/index.php/Home/User/record/openid/o2MKus4RU3wyRDzn9SzamKKMcCac
INFO: [ app_init ] --START--
INFO: Run Behavior\BuildLiteBehavior [ RunTime:0.000037s ]
INFO: [ app_init ] --END-- [ RunTime:0.001370s ]
INFO: [ app_begin ] --START--
INFO: Run Behavior\ReadHtmlCacheBehavior [ RunTime:0.000962s ]
INFO: [ app_begin ] --END-- [ RunTime:0.001105s ]
SQL: SHOW COLUMNS FROM `p_menber` [ RunTime:0.0148s ]
SQL: SELECT * FROM `p_menber` WHERE `openid` = 'o2MKus4RU3wyRDzn9SzamKKMcCac'  [ RunTime:0.0010s ]
SQL: SHOW COLUMNS FROM `p_log` [ RunTime:0.0150s ]
SQL: SELECT * FROM `p_log` WHERE `userid` = 5 ORDER BY id desc  [ RunTime:0.0010s ]
INFO: [ view_parse ] --START--
INFO: [ template_filter ] --START--
INFO: Run Behavior\ContentReplaceBehavior [ RunTime:0.000230s ]
INFO: [ template_filter ] --END-- [ RunTime:0.000416s ]
INFO: Run Behavior\ParseTemplateBehavior [ RunTime:0.016661s ]
INFO: [ view_parse ] --END-- [ RunTime:0.016791s ]
INFO: [ view_filter ] --START--
INFO: Run Behavior\WriteHtmlCacheBehavior [ RunTime:0.000581s ]
INFO: [ view_filter ] --END-- [ RunTime:0.000682s ]
INFO: [ app_end ] --START--
INFO: Run Behavior\ShowPageTraceBehavior [ RunTime:0.001356s ]
INFO: [ app_end ] --END-- [ RunTime:0.001490s ]

[ 2017-05-04T19:52:26+08:00 ] 127.0.0.1 /register/index.php/Home/User/record/openid/o2MKus4RU3wyRDzn9SzamKKMcCac
INFO: [ app_init ] --START--
INFO: Run Behavior\BuildLiteBehavior [ RunTime:0.000022s ]
INFO: [ app_init ] --END-- [ RunTime:0.000649s ]
INFO: [ app_begin ] --START--
INFO: Run Behavior\ReadHtmlCacheBehavior [ RunTime:0.000860s ]
INFO: [ app_begin ] --END-- [ RunTime:0.000987s ]
SQL: SHOW COLUMNS FROM `p_menber` [ RunTime:0.0162s ]
SQL: SELECT * FROM `p_menber` WHERE `openid` = 'o2MKus4RU3wyRDzn9SzamKKMcCac'  [ RunTime:0.0025s ]
SQL: SHOW COLUMNS FROM `p_log` [ RunTime:0.0218s ]
SQL: SELECT * FROM `p_log` WHERE `userid` = 5 ORDER BY id desc  [ RunTime:0.0022s ]
INFO: [ view_parse ] --START--
INFO: [ template_filter ] --START--
INFO: Run Behavior\ContentReplaceBehavior [ RunTime:0.000195s ]
INFO: [ template_filter ] --END-- [ RunTime:0.000338s ]
INFO: Run Behavior\ParseTemplateBehavior [ RunTime:0.025197s ]
INFO: [ view_parse ] --END-- [ RunTime:0.025338s ]
INFO: [ view_filter ] --START--
INFO: Run Behavior\WriteHtmlCacheBehavior [ RunTime:0.000556s ]
INFO: [ view_filter ] --END-- [ RunTime:0.000634s ]
INFO: [ app_end ] --START--
INFO: Run Behavior\ShowPageTraceBehavior [ RunTime:0.001120s ]
INFO: [ app_end ] --END-- [ RunTime:0.001229s ]

[ 2017-05-04T19:52:37+08:00 ] 127.0.0.1 /register/index.php/Home/User/record/openid/o2MKus4RU3wyRDzn9SzamKKMcCac
INFO: [ app_init ] --START--
INFO: Run Behavior\BuildLiteBehavior [ RunTime:0.000034s ]
INFO: [ app_init ] --END-- [ RunTime:0.001042s ]
INFO: [ app_begin ] --START--
INFO: Run Behavior\ReadHtmlCacheBehavior [ RunTime:0.001489s ]
INFO: [ app_begin ] --END-- [ RunTime:0.001655s ]
SQL: SHOW COLUMNS FROM `p_menber` [ RunTime:0.0147s ]
SQL: SELECT * FROM `p_menber` WHERE `openid` = 'o2MKus4RU3wyRDzn9SzamKKMcCac'  [ RunTime:0.0023s ]
SQL: SHOW COLUMNS FROM `p_log` [ RunTime:0.0137s ]
SQL: SELECT * FROM `p_log` WHERE `userid` = 5 ORDER BY id desc  [ RunTime:0.0129s ]
INFO: [ view_parse ] --START--
INFO: [ template_filter ] --START--
INFO: Run Behavior\ContentReplaceBehavior [ RunTime:0.000164s ]
INFO: [ template_filter ] --END-- [ RunTime:0.000307s ]
INFO: Run Behavior\ParseTemplateBehavior [ RunTime:0.017732s ]
INFO: [ view_parse ] --END-- [ RunTime:0.017937s ]
INFO: [ view_filter ] --START--
INFO: Run Behavior\WriteHtmlCacheBehavior [ RunTime:0.000811s ]
INFO: [ view_filter ] --END-- [ RunTime:0.000925s ]
INFO: [ app_end ] --START--
INFO: Run Behavior\ShowPageTraceBehavior [ RunTime:0.001418s ]
INFO: [ app_end ] --END-- [ RunTime:0.001524s ]

[ 2017-05-04T19:53:18+08:00 ] 127.0.0.1 /register/index.php/Home/User/record/openid/o2MKus4RU3wyRDzn9SzamKKMcCac
INFO: [ app_init ] --START--
INFO: Run Behavior\BuildLiteBehavior [ RunTime:0.000033s ]
INFO: [ app_init ] --END-- [ RunTime:0.000964s ]
INFO: [ app_begin ] --START--
INFO: Run Behavior\ReadHtmlCacheBehavior [ RunTime:0.001338s ]
INFO: [ app_begin ] --END-- [ RunTime:0.001728s ]
SQL: SHOW COLUMNS FROM `p_menber` [ RunTime:0.0131s ]
SQL: SELECT * FROM `p_menber` WHERE `openid` = 'o2MKus4RU3wyRDzn9SzamKKMcCac'  [ RunTime:0.0018s ]
SQL: SHOW COLUMNS FROM `p_log` [ RunTime:0.0126s ]
SQL: SELECT * FROM `p_log` WHERE `userid` = 5 ORDER BY id desc  [ RunTime:0.0013s ]
INFO: [ view_parse ] --START--
INFO: [ template_filter ] --START--
INFO: Run Behavior\ContentReplaceBehavior [ RunTime:0.000142s ]
INFO: [ template_filter ] --END-- [ RunTime:0.000253s ]
INFO: Run Behavior\ParseTemplateBehavior [ RunTime:0.024657s ]
INFO: [ view_parse ] --END-- [ RunTime:0.024773s ]
INFO: [ view_filter ] --START--
INFO: Run Behavior\WriteHtmlCacheBehavior [ RunTime:0.000443s ]
INFO: [ view_filter ] --END-- [ RunTime:0.000516s ]
INFO: [ app_end ] --START--
INFO: Run Behavior\ShowPageTraceBehavior [ RunTime:0.004145s ]
INFO: [ app_end ] --END-- [ RunTime:0.004321s ]

[ 2017-05-04T19:53:25+08:00 ] 127.0.0.1 /register/index.php/Home/User/record/openid/o2MKus4RU3wyRDzn9SzamKKMcCac
INFO: [ app_init ] --START--
INFO: Run Behavior\BuildLiteBehavior [ RunTime:0.000035s ]
INFO: [ app_init ] --END-- [ RunTime:0.001017s ]
INFO: [ app_begin ] --START--
INFO: Run Behavior\ReadHtmlCacheBehavior [ RunTime:0.001968s ]
INFO: [ app_begin ] --END-- [ RunTime:0.002131s ]
SQL: SHOW COLUMNS FROM `p_menber` [ RunTime:0.0144s ]
SQL: SELECT * FROM `p_menber` WHERE `openid` = 'o2MKus4RU3wyRDzn9SzamKKMcCac'  [ RunTime:0.0021s ]
SQL: SHOW COLUMNS FROM `p_log` [ RunTime:0.0168s ]
SQL: SELECT * FROM `p_log` WHERE `userid` = 5 ORDER BY id desc  [ RunTime:0.0026s ]
INFO: [ view_parse ] --START--
INFO: [ template_filter ] --START--
INFO: Run Behavior\ContentReplaceBehavior [ RunTime:0.000213s ]
INFO: [ template_filter ] --END-- [ RunTime:0.000377s ]
INFO: Run Behavior\ParseTemplateBehavior [ RunTime:0.026938s ]
INFO: [ view_parse ] --END-- [ RunTime:0.027421s ]
INFO: [ view_filter ] --START--
INFO: Run Behavior\WriteHtmlCacheBehavior [ RunTime:0.001031s ]
INFO: [ view_filter ] --END-- [ RunTime:0.001287s ]
INFO: [ app_end ] --START--
INFO: Run Behavior\ShowPageTraceBehavior [ RunTime:0.001472s ]
INFO: [ app_end ] --END-- [ RunTime:0.001601s ]

[ 2017-05-04T19:54:16+08:00 ] 127.0.0.1 /register/index.php/Home/User/record/openid/o2MKus4RU3wyRDzn9SzamKKMcCac
INFO: [ app_init ] --START--
INFO: Run Behavior\BuildLiteBehavior [ RunTime:0.000070s ]
INFO: [ app_init ] --END-- [ RunTime:0.001552s ]
INFO: [ app_begin ] --START--
INFO: Run Behavior\ReadHtmlCacheBehavior [ RunTime:0.003370s ]
INFO: [ app_begin ] --END-- [ RunTime:0.003707s ]
SQL: SHOW COLUMNS FROM `p_menber` [ RunTime:0.0174s ]
SQL: SELECT * FROM `p_menber` WHERE `openid` = 'o2MKus4RU3wyRDzn9SzamKKMcCac'  [ RunTime:0.0014s ]
SQL: SHOW COLUMNS FROM `p_log` [ RunTime:0.0210s ]
SQL: SELECT * FROM `p_log` WHERE `userid` = 5 ORDER BY id desc  [ RunTime:0.0030s ]
INFO: [ view_parse ] --START--
INFO: [ template_filter ] --START--
INFO: Run Behavior\ContentReplaceBehavior [ RunTime:0.000295s ]
INFO: [ template_filter ] --END-- [ RunTime:0.000479s ]
INFO: Run Behavior\ParseTemplateBehavior [ RunTime:0.022025s ]
INFO: [ view_parse ] --END-- [ RunTime:0.022164s ]
INFO: [ view_filter ] --START--
INFO: Run Behavior\WriteHtmlCacheBehavior [ RunTime:0.000571s ]
INFO: [ view_filter ] --END-- [ RunTime:0.000667s ]
INFO: [ app_end ] --START--
INFO: Run Behavior\ShowPageTraceBehavior [ RunTime:0.001134s ]
INFO: [ app_end ] --END-- [ RunTime:0.001251s ]

[ 2017-05-04T19:54:59+08:00 ] 127.0.0.1 /register/index.php/Home/User/record/openid/o2MKus4RU3wyRDzn9SzamKKMcCac
INFO: [ app_init ] --START--
INFO: Run Behavior\BuildLiteBehavior [ RunTime:0.000062s ]
INFO: [ app_init ] --END-- [ RunTime:0.002531s ]
INFO: [ app_begin ] --START--
INFO: Run Behavior\ReadHtmlCacheBehavior [ RunTime:0.003423s ]
INFO: [ app_begin ] --END-- [ RunTime:0.003563s ]
SQL: SHOW COLUMNS FROM `p_menber` [ RunTime:0.0280s ]
SQL: SELECT * FROM `p_menber` WHERE `openid` = 'o2MKus4RU3wyRDzn9SzamKKMcCac'  [ RunTime:0.0028s ]
SQL: SHOW COLUMNS FROM `p_log` [ RunTime:0.0160s ]
SQL: SELECT * FROM `p_log` WHERE `userid` = 5 ORDER BY id desc  [ RunTime:0.0023s ]
INFO: [ view_parse ] --START--
INFO: [ template_filter ] --START--
INFO: Run Behavior\ContentReplaceBehavior [ RunTime:0.000169s ]
INFO: [ template_filter ] --END-- [ RunTime:0.000309s ]
INFO: Run Behavior\ParseTemplateBehavior [ RunTime:0.023986s ]
INFO: [ view_parse ] --END-- [ RunTime:0.024144s ]
INFO: [ view_filter ] --START--
INFO: Run Behavior\WriteHtmlCacheBehavior [ RunTime:0.000813s ]
INFO: [ view_filter ] --END-- [ RunTime:0.000929s ]
INFO: [ app_end ] --START--
INFO: Run Behavior\ShowPageTraceBehavior [ RunTime:0.003194s ]
INFO: [ app_end ] --END-- [ RunTime:0.003357s ]

[ 2017-05-04T19:55:18+08:00 ] 127.0.0.1 /register/index.php/Home/User/record/openid/o2MKus4RU3wyRDzn9SzamKKMcCac
INFO: [ app_init ] --START--
INFO: Run Behavior\BuildLiteBehavior [ RunTime:0.000038s ]
INFO: [ app_init ] --END-- [ RunTime:0.001806s ]
INFO: [ app_begin ] --START--
INFO: Run Behavior\ReadHtmlCacheBehavior [ RunTime:0.000765s ]
INFO: [ app_begin ] --END-- [ RunTime:0.000872s ]
SQL: SHOW COLUMNS FROM `p_menber` [ RunTime:0.0151s ]
SQL: SELECT * FROM `p_menber` WHERE `openid` = 'o2MKus4RU3wyRDzn9SzamKKMcCac'  [ RunTime:0.0025s ]
SQL: SHOW COLUMNS FROM `p_log` [ RunTime:0.0169s ]
SQL: SELECT * FROM `p_log` WHERE `userid` = 5 ORDER BY id desc  [ RunTime:0.0031s ]
INFO: [ view_parse ] --START--
INFO: [ template_filter ] --START--
INFO: Run Behavior\ContentReplaceBehavior [ RunTime:0.000243s ]
INFO: [ template_filter ] --END-- [ RunTime:0.000397s ]
INFO: Run Behavior\ParseTemplateBehavior [ RunTime:0.024825s ]
INFO: [ view_parse ] --END-- [ RunTime:0.024959s ]
INFO: [ view_filter ] --START--
INFO: Run Behavior\WriteHtmlCacheBehavior [ RunTime:0.000524s ]
INFO: [ view_filter ] --END-- [ RunTime:0.000615s ]
INFO: [ app_end ] --START--
INFO: Run Behavior\ShowPageTraceBehavior [ RunTime:0.001025s ]
INFO: [ app_end ] --END-- [ RunTime:0.001177s ]

[ 2017-05-04T19:55:21+08:00 ] 127.0.0.1 /register/index.php/Home/User/record/openid/o2MKus4RU3wyRDzn9SzamKKMcCac
INFO: [ app_init ] --START--
INFO: Run Behavior\BuildLiteBehavior [ RunTime:0.000023s ]
INFO: [ app_init ] --END-- [ RunTime:0.000717s ]
INFO: [ app_begin ] --START--
INFO: Run Behavior\ReadHtmlCacheBehavior [ RunTime:0.002916s ]
INFO: [ app_begin ] --END-- [ RunTime:0.003092s ]
SQL: SHOW COLUMNS FROM `p_menber` [ RunTime:0.0153s ]
SQL: SELECT * FROM `p_menber` WHERE `openid` = 'o2MKus4RU3wyRDzn9SzamKKMcCac'  [ RunTime:0.0034s ]
SQL: SHOW COLUMNS FROM `p_log` [ RunTime:0.0189s ]
SQL: SELECT * FROM `p_log` WHERE `userid` = 5 ORDER BY id desc  [ RunTime:0.0064s ]
INFO: [ view_parse ] --START--
INFO: [ template_filter ] --START--
INFO: Run Behavior\ContentReplaceBehavior [ RunTime:0.000247s ]
INFO: [ template_filter ] --END-- [ RunTime:0.000397s ]
INFO: Run Behavior\ParseTemplateBehavior [ RunTime:0.018849s ]
INFO: [ view_parse ] --END-- [ RunTime:0.018972s ]
INFO: [ view_filter ] --START--
INFO: Run Behavior\WriteHtmlCacheBehavior [ RunTime:0.000496s ]
INFO: [ view_filter ] --END-- [ RunTime:0.000603s ]
INFO: [ app_end ] --START--
INFO: Run Behavior\ShowPageTraceBehavior [ RunTime:0.001317s ]
INFO: [ app_end ] --END-- [ RunTime:0.001437s ]

[ 2017-05-04T19:59:09+08:00 ] 127.0.0.1 /register/index.php/Home/User/record/openid/o2MKus4RU3wyRDzn9SzamKKMcCac
INFO: [ app_init ] --START--
INFO: Run Behavior\BuildLiteBehavior [ RunTime:0.000039s ]
INFO: [ app_init ] --END-- [ RunTime:0.001812s ]
INFO: [ app_begin ] --START--
INFO: Run Behavior\ReadHtmlCacheBehavior [ RunTime:0.001366s ]
INFO: [ app_begin ] --END-- [ RunTime:0.001590s ]
SQL: SHOW COLUMNS FROM `p_menber` [ RunTime:0.0172s ]
SQL: SELECT * FROM `p_menber` WHERE `openid` = 'o2MKus4RU3wyRDzn9SzamKKMcCac'  [ RunTime:0.0027s ]
SQL: SHOW COLUMNS FROM `p_log` [ RunTime:0.0149s ]
SQL: SELECT * FROM `p_log` WHERE `userid` = 5 ORDER BY id desc  [ RunTime:0.0023s ]
INFO: [ view_parse ] --START--
INFO: [ template_filter ] --START--
INFO: Run Behavior\ContentReplaceBehavior [ RunTime:0.000240s ]
INFO: [ template_filter ] --END-- [ RunTime:0.000369s ]
INFO: Run Behavior\ParseTemplateBehavior [ RunTime:0.023757s ]
INFO: [ view_parse ] --END-- [ RunTime:0.023893s ]
INFO: [ view_filter ] --START--
INFO: Run Behavior\WriteHtmlCacheBehavior [ RunTime:0.000827s ]
INFO: [ view_filter ] --END-- [ RunTime:0.000935s ]
INFO: [ app_end ] --START--
INFO: Run Behavior\ShowPageTraceBehavior [ RunTime:0.001394s ]
INFO: [ app_end ] --END-- [ RunTime:0.001500s ]

[ 2017-05-04T19:59:27+08:00 ] 127.0.0.1 /register/index.php/Home/User/record/openid/o2MKus4RU3wyRDzn9SzamKKMcCac
INFO: [ app_init ] --START--
INFO: Run Behavior\BuildLiteBehavior [ RunTime:0.000032s ]
INFO: [ app_init ] --END-- [ RunTime:0.000985s ]
INFO: [ app_begin ] --START--
INFO: Run Behavior\ReadHtmlCacheBehavior [ RunTime:0.001207s ]
INFO: [ app_begin ] --END-- [ RunTime:0.001382s ]
SQL: SHOW COLUMNS FROM `p_menber` [ RunTime:0.0154s ]
SQL: SELECT * FROM `p_menber` WHERE `openid` = 'o2MKus4RU3wyRDzn9SzamKKMcCac'  [ RunTime:0.0026s ]
SQL: SHOW COLUMNS FROM `p_log` [ RunTime:0.0231s ]
SQL: SELECT * FROM `p_log` WHERE `userid` = 5 ORDER BY id desc  [ RunTime:0.0021s ]
INFO: [ view_parse ] --START--
INFO: [ template_filter ] --START--
INFO: Run Behavior\ContentReplaceBehavior [ RunTime:0.000211s ]
INFO: [ template_filter ] --END-- [ RunTime:0.000375s ]
INFO: Run Behavior\ParseTemplateBehavior [ RunTime:0.019202s ]
INFO: [ view_parse ] --END-- [ RunTime:0.019417s ]
INFO: [ view_filter ] --START--
INFO: Run Behavior\WriteHtmlCacheBehavior [ RunTime:0.000982s ]
INFO: [ view_filter ] --END-- [ RunTime:0.001109s ]
INFO: [ app_end ] --START--
INFO: Run Behavior\ShowPageTraceBehavior [ RunTime:0.001357s ]
INFO: [ app_end ] --END-- [ RunTime:0.001482s ]

[ 2017-05-04T19:59:27+08:00 ] 127.0.0.1 /register/index.php/Home/User/record/openid/o2MKus4RU3wyRDzn9SzamKKMcCac
INFO: [ app_init ] --START--
INFO: Run Behavior\BuildLiteBehavior [ RunTime:0.000033s ]
INFO: [ app_init ] --END-- [ RunTime:0.001043s ]
INFO: [ app_begin ] --START--
INFO: Run Behavior\ReadHtmlCacheBehavior [ RunTime:0.001206s ]
INFO: [ app_begin ] --END-- [ RunTime:0.001348s ]
SQL: SHOW COLUMNS FROM `p_menber` [ RunTime:0.0150s ]
SQL: SELECT * FROM `p_menber` WHERE `openid` = 'o2MKus4RU3wyRDzn9SzamKKMcCac'  [ RunTime:0.0023s ]
SQL: SHOW COLUMNS FROM `p_log` [ RunTime:0.0160s ]
SQL: SELECT * FROM `p_log` WHERE `userid` = 5 ORDER BY id desc  [ RunTime:0.0027s ]
INFO: [ view_parse ] --START--
INFO: [ template_filter ] --START--
INFO: Run Behavior\ContentReplaceBehavior [ RunTime:0.000210s ]
INFO: [ template_filter ] --END-- [ RunTime:0.000383s ]
INFO: Run Behavior\ParseTemplateBehavior [ RunTime:0.019957s ]
INFO: [ view_parse ] --END-- [ RunTime:0.020082s ]
INFO: [ view_filter ] --START--
INFO: Run Behavior\WriteHtmlCacheBehavior [ RunTime:0.000602s ]
INFO: [ view_filter ] --END-- [ RunTime:0.000706s ]
INFO: [ app_end ] --START--
INFO: Run Behavior\ShowPageTraceBehavior [ RunTime:0.000824s ]
INFO: [ app_end ] --END-- [ RunTime:0.000910s ]

[ 2017-05-04T19:59:28+08:00 ] 127.0.0.1 /register/index.php/Home/User/record/openid/o2MKus4RU3wyRDzn9SzamKKMcCac
INFO: [ app_init ] --START--
INFO: Run Behavior\BuildLiteBehavior [ RunTime:0.000066s ]
INFO: [ app_init ] --END-- [ RunTime:0.001015s ]
INFO: [ app_begin ] --START--
INFO: Run Behavior\ReadHtmlCacheBehavior [ RunTime:0.001068s ]
INFO: [ app_begin ] --END-- [ RunTime:0.001195s ]
SQL: SHOW COLUMNS FROM `p_menber` [ RunTime:0.0167s ]
SQL: SELECT * FROM `p_menber` WHERE `openid` = 'o2MKus4RU3wyRDzn9SzamKKMcCac'  [ RunTime:0.0023s ]
SQL: SHOW COLUMNS FROM `p_log` [ RunTime:0.0199s ]
SQL: SELECT * FROM `p_log` WHERE `userid` = 5 ORDER BY id desc  [ RunTime:0.0023s ]
INFO: [ view_parse ] --START--
INFO: [ template_filter ] --START--
INFO: Run Behavior\ContentReplaceBehavior [ RunTime:0.000310s ]
INFO: [ template_filter ] --END-- [ RunTime:0.000598s ]
INFO: Run Behavior\ParseTemplateBehavior [ RunTime:0.020354s ]
INFO: [ view_parse ] --END-- [ RunTime:0.020619s ]
INFO: [ view_filter ] --START--
INFO: Run Behavior\WriteHtmlCacheBehavior [ RunTime:0.000542s ]
INFO: [ view_filter ] --END-- [ RunTime:0.000638s ]
INFO: [ app_end ] --START--
INFO: Run Behavior\ShowPageTraceBehavior [ RunTime:0.001077s ]
INFO: [ app_end ] --END-- [ RunTime:0.001185s ]

[ 2017-05-04T19:59:37+08:00 ] 127.0.0.1 /register/index.php/Home/User/record/openid/o2MKus4RU3wyRDzn9SzamKKMcCac
INFO: [ app_init ] --START--
INFO: Run Behavior\BuildLiteBehavior [ RunTime:0.000023s ]
INFO: [ app_init ] --END-- [ RunTime:0.000625s ]
INFO: [ app_begin ] --START--
INFO: Run Behavior\ReadHtmlCacheBehavior [ RunTime:0.000761s ]
INFO: [ app_begin ] --END-- [ RunTime:0.000841s ]
SQL: SHOW COLUMNS FROM `p_menber` [ RunTime:0.0136s ]
SQL: SELECT * FROM `p_menber` WHERE `openid` = 'o2MKus4RU3wyRDzn9SzamKKMcCac'  [ RunTime:0.0031s ]
SQL: SHOW COLUMNS FROM `p_log` [ RunTime:0.0115s ]
SQL: SELECT * FROM `p_log` WHERE `userid` = 5 ORDER BY id desc  [ RunTime:0.0027s ]
INFO: [ view_parse ] --START--
INFO: [ template_filter ] --START--
INFO: Run Behavior\ContentReplaceBehavior [ RunTime:0.000464s ]
INFO: [ template_filter ] --END-- [ RunTime:0.000824s ]
INFO: Run Behavior\ParseTemplateBehavior [ RunTime:0.019248s ]
INFO: [ view_parse ] --END-- [ RunTime:0.019364s ]
INFO: [ view_filter ] --START--
INFO: Run Behavior\WriteHtmlCacheBehavior [ RunTime:0.000586s ]
INFO: [ view_filter ] --END-- [ RunTime:0.000667s ]
INFO: [ app_end ] --START--
INFO: Run Behavior\ShowPageTraceBehavior [ RunTime:0.000756s ]
INFO: [ app_end ] --END-- [ RunTime:0.000821s ]

[ 2017-05-04T19:59:38+08:00 ] 127.0.0.1 /register/index.php/Home/User/record/openid/o2MKus4RU3wyRDzn9SzamKKMcCac
INFO: [ app_init ] --START--
INFO: Run Behavior\BuildLiteBehavior [ RunTime:0.000023s ]
INFO: [ app_init ] --END-- [ RunTime:0.000640s ]
INFO: [ app_begin ] --START--
INFO: Run Behavior\ReadHtmlCacheBehavior [ RunTime:0.000749s ]
INFO: [ app_begin ] --END-- [ RunTime:0.000828s ]
SQL: SHOW COLUMNS FROM `p_menber` [ RunTime:0.0126s ]
SQL: SELECT * FROM `p_menber` WHERE `openid` = 'o2MKus4RU3wyRDzn9SzamKKMcCac'  [ RunTime:0.0019s ]
SQL: SHOW COLUMNS FROM `p_log` [ RunTime:0.0130s ]
SQL: SELECT * FROM `p_log` WHERE `userid` = 5 ORDER BY id desc  [ RunTime:0.0023s ]
INFO: [ view_parse ] --START--
INFO: [ template_filter ] --START--
INFO: Run Behavior\ContentReplaceBehavior [ RunTime:0.000223s ]
INFO: [ template_filter ] --END-- [ RunTime:0.000391s ]
INFO: Run Behavior\ParseTemplateBehavior [ RunTime:0.021268s ]
INFO: [ view_parse ] --END-- [ RunTime:0.021407s ]
INFO: [ view_filter ] --START--
INFO: Run Behavior\WriteHtmlCacheBehavior [ RunTime:0.000432s ]
INFO: [ view_filter ] --END-- [ RunTime:0.000518s ]
INFO: [ app_end ] --START--
INFO: Run Behavior\ShowPageTraceBehavior [ RunTime:0.001125s ]
INFO: [ app_end ] --END-- [ RunTime:0.001233s ]

[ 2017-05-04T20:03:35+08:00 ] 127.0.0.1 /register/index.php/Home/User/record/openid/o2MKus4RU3wyRDzn9SzamKKMcCac
INFO: [ app_init ] --START--
INFO: Run Behavior\BuildLiteBehavior [ RunTime:0.000041s ]
INFO: [ app_init ] --END-- [ RunTime:0.002814s ]
INFO: [ app_begin ] --START--
INFO: Run Behavior\ReadHtmlCacheBehavior [ RunTime:0.001393s ]
INFO: [ app_begin ] --END-- [ RunTime:0.001586s ]
SQL: SHOW COLUMNS FROM `p_menber` [ RunTime:0.0137s ]
SQL: SELECT * FROM `p_menber` WHERE `openid` = 'o2MKus4RU3wyRDzn9SzamKKMcCac'  [ RunTime:0.0026s ]
SQL: SHOW COLUMNS FROM `p_log` [ RunTime:0.0185s ]
SQL: SELECT * FROM `p_log` WHERE `userid` = 5 ORDER BY id desc  [ RunTime:0.0026s ]
INFO: [ view_parse ] --START--
INFO: [ template_filter ] --START--
INFO: Run Behavior\ContentReplaceBehavior [ RunTime:0.000167s ]
INFO: [ template_filter ] --END-- [ RunTime:0.000267s ]
INFO: Run Behavior\ParseTemplateBehavior [ RunTime:0.020693s ]
INFO: [ view_parse ] --END-- [ RunTime:0.020794s ]
INFO: [ view_filter ] --START--
INFO: Run Behavior\WriteHtmlCacheBehavior [ RunTime:0.000530s ]
INFO: [ view_filter ] --END-- [ RunTime:0.000593s ]
INFO: [ app_end ] --START--
INFO: Run Behavior\ShowPageTraceBehavior [ RunTime:0.001051s ]
INFO: [ app_end ] --END-- [ RunTime:0.001147s ]

[ 2017-05-04T20:06:23+08:00 ] 127.0.0.1 /register/index.php/Home/User/record/openid/o2MKus4RU3wyRDzn9SzamKKMcCac
INFO: [ app_init ] --START--
INFO: Run Behavior\BuildLiteBehavior [ RunTime:0.000040s ]
INFO: [ app_init ] --END-- [ RunTime:0.001535s ]
INFO: [ app_begin ] --START--
INFO: Run Behavior\ReadHtmlCacheBehavior [ RunTime:0.001754s ]
INFO: [ app_begin ] --END-- [ RunTime:0.002059s ]
SQL: SHOW COLUMNS FROM `p_menber` [ RunTime:0.0140s ]
SQL: SELECT * FROM `p_menber` WHERE `openid` = 'o2MKus4RU3wyRDzn9SzamKKMcCac'  [ RunTime:0.0021s ]
SQL: SHOW COLUMNS FROM `p_log` [ RunTime:0.0183s ]
SQL: SELECT * FROM `p_log` WHERE `userid` = 5 ORDER BY id desc  [ RunTime:0.0020s ]
INFO: [ view_parse ] --START--
INFO: [ template_filter ] --START--
INFO: Run Behavior\ContentReplaceBehavior [ RunTime:0.000249s ]
INFO: [ template_filter ] --END-- [ RunTime:0.000405s ]
INFO: Run Behavior\ParseTemplateBehavior [ RunTime:0.022873s ]
INFO: [ view_parse ] --END-- [ RunTime:0.023006s ]
INFO: [ view_filter ] --START--
INFO: Run Behavior\WriteHtmlCacheBehavior [ RunTime:0.001211s ]
INFO: [ view_filter ] --END-- [ RunTime:0.001377s ]
INFO: [ app_end ] --START--
INFO: Run Behavior\ShowPageTraceBehavior [ RunTime:0.001523s ]
INFO: [ app_end ] --END-- [ RunTime:0.001624s ]

[ 2017-05-04T20:07:27+08:00 ] 127.0.0.1 /register/index.php/Home/User/record/openid/o2MKus4RU3wyRDzn9SzamKKMcCac
INFO: [ app_init ] --START--
INFO: Run Behavior\BuildLiteBehavior [ RunTime:0.000020s ]
INFO: [ app_init ] --END-- [ RunTime:0.000599s ]
INFO: [ app_begin ] --START--
INFO: Run Behavior\ReadHtmlCacheBehavior [ RunTime:0.000741s ]
INFO: [ app_begin ] --END-- [ RunTime:0.000838s ]
SQL: SHOW COLUMNS FROM `p_menber` [ RunTime:0.0132s ]
SQL: SELECT * FROM `p_menber` WHERE `openid` = 'o2MKus4RU3wyRDzn9SzamKKMcCac'  [ RunTime:0.0009s ]
SQL: SHOW COLUMNS FROM `p_log` [ RunTime:0.0158s ]
SQL: SELECT * FROM `p_log` WHERE `userid` = 5 ORDER BY id desc  [ RunTime:0.0015s ]
INFO: [ view_parse ] --START--
INFO: [ template_filter ] --START--
INFO: Run Behavior\ContentReplaceBehavior [ RunTime:0.000339s ]
INFO: [ template_filter ] --END-- [ RunTime:0.000473s ]
INFO: Run Behavior\ParseTemplateBehavior [ RunTime:0.022105s ]
INFO: [ view_parse ] --END-- [ RunTime:0.022242s ]
INFO: [ view_filter ] --START--
INFO: Run Behavior\WriteHtmlCacheBehavior [ RunTime:0.001189s ]
INFO: [ view_filter ] --END-- [ RunTime:0.001349s ]
INFO: [ app_end ] --START--
INFO: Run Behavior\ShowPageTraceBehavior [ RunTime:0.001458s ]
INFO: [ app_end ] --END-- [ RunTime:0.001581s ]

[ 2017-05-04T20:09:40+08:00 ] 127.0.0.1 /register/index.php/Home/User/record/openid/o2MKus4RU3wyRDzn9SzamKKMcCac
INFO: [ app_init ] --START--
INFO: Run Behavior\BuildLiteBehavior [ RunTime:0.000024s ]
INFO: [ app_init ] --END-- [ RunTime:0.000735s ]
INFO: [ app_begin ] --START--
INFO: Run Behavior\ReadHtmlCacheBehavior [ RunTime:0.000888s ]
INFO: [ app_begin ] --END-- [ RunTime:0.001018s ]
SQL: SHOW COLUMNS FROM `p_menber` [ RunTime:0.0157s ]
SQL: SELECT * FROM `p_menber` WHERE `openid` = 'o2MKus4RU3wyRDzn9SzamKKMcCac'  [ RunTime:0.0015s ]
SQL: SHOW COLUMNS FROM `p_log` [ RunTime:0.0179s ]
SQL: SELECT * FROM `p_log` WHERE `userid` = 5 ORDER BY id desc  [ RunTime:0.0066s ]
INFO: [ view_parse ] --START--
INFO: [ template_filter ] --START--
INFO: Run Behavior\ContentReplaceBehavior [ RunTime:0.000211s ]
INFO: [ template_filter ] --END-- [ RunTime:0.000341s ]
INFO: Run Behavior\ParseTemplateBehavior [ RunTime:0.021163s ]
INFO: [ view_parse ] --END-- [ RunTime:0.021287s ]
INFO: [ view_filter ] --START--
INFO: Run Behavior\WriteHtmlCacheBehavior [ RunTime:0.000664s ]
INFO: [ view_filter ] --END-- [ RunTime:0.000746s ]
INFO: [ app_end ] --START--
INFO: Run Behavior\ShowPageTraceBehavior [ RunTime:0.000982s ]
INFO: [ app_end ] --END-- [ RunTime:0.001055s ]

[ 2017-05-04T20:09:50+08:00 ] 127.0.0.1 /register/index.php/Home/User/record/openid/o2MKus4RU3wyRDzn9SzamKKMcCac
INFO: [ app_init ] --START--
INFO: Run Behavior\BuildLiteBehavior [ RunTime:0.000032s ]
INFO: [ app_init ] --END-- [ RunTime:0.000985s ]
INFO: [ app_begin ] --START--
INFO: Run Behavior\ReadHtmlCacheBehavior [ RunTime:0.001885s ]
INFO: [ app_begin ] --END-- [ RunTime:0.002099s ]
SQL: SHOW COLUMNS FROM `p_menber` [ RunTime:0.0204s ]
SQL: SELECT * FROM `p_menber` WHERE `openid` = 'o2MKus4RU3wyRDzn9SzamKKMcCac'  [ RunTime:0.0020s ]
SQL: SHOW COLUMNS FROM `p_log` [ RunTime:0.0271s ]
SQL: SELECT * FROM `p_log` WHERE `userid` = 5 ORDER BY id desc  [ RunTime:0.0024s ]
INFO: [ view_parse ] --START--
INFO: [ template_filter ] --START--
INFO: Run Behavior\ContentReplaceBehavior [ RunTime:0.000250s ]
INFO: [ template_filter ] --END-- [ RunTime:0.000394s ]
INFO: Run Behavior\ParseTemplateBehavior [ RunTime:0.032767s ]
INFO: [ view_parse ] --END-- [ RunTime:0.032963s ]
INFO: [ view_filter ] --START--
INFO: Run Behavior\WriteHtmlCacheBehavior [ RunTime:0.004310s ]
INFO: [ view_filter ] --END-- [ RunTime:0.004447s ]
INFO: [ app_end ] --START--
INFO: Run Behavior\ShowPageTraceBehavior [ RunTime:0.001294s ]
INFO: [ app_end ] --END-- [ RunTime:0.001475s ]

[ 2017-05-04T20:09:53+08:00 ] 127.0.0.1 /register/index.php/Home/User/record/openid/o2MKus4RU3wyRDzn9SzamKKMcCac
INFO: [ app_init ] --START--
INFO: Run Behavior\BuildLiteBehavior [ RunTime:0.000033s ]
INFO: [ app_init ] --END-- [ RunTime:0.000937s ]
INFO: [ app_begin ] --START--
INFO: Run Behavior\ReadHtmlCacheBehavior [ RunTime:0.001599s ]
INFO: [ app_begin ] --END-- [ RunTime:0.002112s ]
SQL: SHOW COLUMNS FROM `p_menber` [ RunTime:0.0168s ]
SQL: SELECT * FROM `p_menber` WHERE `openid` = 'o2MKus4RU3wyRDzn9SzamKKMcCac'  [ RunTime:0.0030s ]
SQL: SHOW COLUMNS FROM `p_log` [ RunTime:0.0164s ]
SQL: SELECT * FROM `p_log` WHERE `userid` = 5 ORDER BY id desc  [ RunTime:0.0032s ]
INFO: [ view_parse ] --START--
INFO: [ template_filter ] --START--
INFO: Run Behavior\ContentReplaceBehavior [ RunTime:0.000240s ]
INFO: [ template_filter ] --END-- [ RunTime:0.000666s ]
INFO: Run Behavior\ParseTemplateBehavior [ RunTime:0.020680s ]
INFO: [ view_parse ] --END-- [ RunTime:0.020820s ]
INFO: [ view_filter ] --START--
INFO: Run Behavior\WriteHtmlCacheBehavior [ RunTime:0.000579s ]
INFO: [ view_filter ] --END-- [ RunTime:0.000695s ]
INFO: [ app_end ] --START--
INFO: Run Behavior\ShowPageTraceBehavior [ RunTime:0.001739s ]
INFO: [ app_end ] --END-- [ RunTime:0.001903s ]

[ 2017-05-04T20:09:58+08:00 ] 127.0.0.1 /register/index.php/Home/User/record/openid/o2MKus4RU3wyRDzn9SzamKKMcCac
INFO: [ app_init ] --START--
INFO: Run Behavior\BuildLiteBehavior [ RunTime:0.000024s ]
INFO: [ app_init ] --END-- [ RunTime:0.000848s ]
INFO: [ app_begin ] --START--
INFO: Run Behavior\ReadHtmlCacheBehavior [ RunTime:0.001383s ]
INFO: [ app_begin ] --END-- [ RunTime:0.001866s ]
SQL: SHOW COLUMNS FROM `p_menber` [ RunTime:0.0165s ]
SQL: SELECT * FROM `p_menber` WHERE `openid` = 'o2MKus4RU3wyRDzn9SzamKKMcCac'  [ RunTime:0.0034s ]
SQL: SHOW COLUMNS FROM `p_log` [ RunTime:0.0229s ]
SQL: SELECT * FROM `p_log` WHERE `userid` = 5 ORDER BY id desc  [ RunTime:0.0025s ]
INFO: [ view_parse ] --START--
INFO: [ template_filter ] --START--
INFO: Run Behavior\ContentReplaceBehavior [ RunTime:0.000348s ]
INFO: [ template_filter ] --END-- [ RunTime:0.000610s ]
INFO: Run Behavior\ParseTemplateBehavior [ RunTime:0.022020s ]
INFO: [ view_parse ] --END-- [ RunTime:0.022162s ]
INFO: [ view_filter ] --START--
INFO: Run Behavior\WriteHtmlCacheBehavior [ RunTime:0.000562s ]
INFO: [ view_filter ] --END-- [ RunTime:0.000670s ]
INFO: [ app_end ] --START--
INFO: Run Behavior\ShowPageTraceBehavior [ RunTime:0.001092s ]
INFO: [ app_end ] --END-- [ RunTime:0.001211s ]

[ 2017-05-04T20:10:02+08:00 ] 127.0.0.1 /register/index.php/Home/User/record/openid/o2MKus4RU3wyRDzn9SzamKKMcCac
INFO: [ app_init ] --START--
INFO: Run Behavior\BuildLiteBehavior [ RunTime:0.000053s ]
INFO: [ app_init ] --END-- [ RunTime:0.002094s ]
INFO: [ app_begin ] --START--
INFO: Run Behavior\ReadHtmlCacheBehavior [ RunTime:0.001205s ]
INFO: [ app_begin ] --END-- [ RunTime:0.001368s ]
SQL: SHOW COLUMNS FROM `p_menber` [ RunTime:0.0121s ]
SQL: SELECT * FROM `p_menber` WHERE `openid` = 'o2MKus4RU3wyRDzn9SzamKKMcCac'  [ RunTime:0.0024s ]
SQL: SHOW COLUMNS FROM `p_log` [ RunTime:0.0176s ]
SQL: SELECT * FROM `p_log` WHERE `userid` = 5 ORDER BY id desc  [ RunTime:0.0019s ]
INFO: [ view_parse ] --START--
INFO: [ template_filter ] --START--
INFO: Run Behavior\ContentReplaceBehavior [ RunTime:0.000244s ]
INFO: [ template_filter ] --END-- [ RunTime:0.000368s ]
INFO: Run Behavior\ParseTemplateBehavior [ RunTime:0.020182s ]
INFO: [ view_parse ] --END-- [ RunTime:0.020359s ]
INFO: [ view_filter ] --START--
INFO: Run Behavior\WriteHtmlCacheBehavior [ RunTime:0.001186s ]
INFO: [ view_filter ] --END-- [ RunTime:0.001318s ]
INFO: [ app_end ] --START--
INFO: Run Behavior\ShowPageTraceBehavior [ RunTime:0.001083s ]
INFO: [ app_end ] --END-- [ RunTime:0.001196s ]

