[ 2017-03-16T07:56:03+08:00 ] 127.0.0.1 /register/index.php/Home/Index/index/openid/o2MKus4RU3wyRDzn9SzamKKMcCac
INFO: [ app_init ] --START--
INFO: Run Behavior\BuildLiteBehavior [ RunTime:0.000017s ]
INFO: [ app_init ] --END-- [ RunTime:0.000532s ]
INFO: [ app_begin ] --START--
INFO: Run Behavior\ReadHtmlCacheBehavior [ RunTime:0.000570s ]
INFO: [ app_begin ] --END-- [ RunTime:0.000638s ]
SQL: SHOW COLUMNS FROM `p_menber` [ RunTime:0.0089s ]
SQL: SELECT * FROM `p_menber` WHERE `openid` = 'o2MKus4RU3wyRDzn9SzamKKMcCac'  [ RunTime:0.0020s ]
INFO: [ view_parse ] --START--
INFO: [ template_filter ] --START--
INFO: Run Behavior\ContentReplaceBehavior [ RunTime:0.000120s ]
INFO: [ template_filter ] --END-- [ RunTime:0.000182s ]
NOTIC: [8] Undefined variable: signPackage D:\WWW\dev\register\Application\Runtime\Cache\Home\2a94b8bda04ff446dcedd42276fc99ee.php 第 95 行.
NOTIC: [8] Undefined variable: signPackage D:\WWW\dev\register\Application\Runtime\Cache\Home\2a94b8bda04ff446dcedd42276fc99ee.php 第 96 行.
NOTIC: [8] Undefined variable: signPackage D:\WWW\dev\register\Application\Runtime\Cache\Home\2a94b8bda04ff446dcedd42276fc99ee.php 第 97 行.
NOTIC: [8] Undefined variable: signPackage D:\WWW\dev\register\Application\Runtime\Cache\Home\2a94b8bda04ff446dcedd42276fc99ee.php 第 98 行.
INFO: Run Behavior\ParseTemplateBehavior [ RunTime:0.041759s ]
INFO: [ view_parse ] --END-- [ RunTime:0.041835s ]
INFO: [ view_filter ] --START--
INFO: Run Behavior\WriteHtmlCacheBehavior [ RunTime:0.000319s ]
INFO: [ view_filter ] --END-- [ RunTime:0.000361s ]
INFO: [ app_end ] --START--
INFO: Run Behavior\ShowPageTraceBehavior [ RunTime:0.000531s ]
INFO: [ app_end ] --END-- [ RunTime:0.000574s ]

[ 2017-03-16T07:56:05+08:00 ] 127.0.0.1 /register/index.php/Home/User/personCenter.html
INFO: [ app_init ] --START--
INFO: Run Behavior\BuildLiteBehavior [ RunTime:0.000020s ]
INFO: [ app_init ] --END-- [ RunTime:0.000500s ]
INFO: [ app_begin ] --START--
INFO: Run Behavior\ReadHtmlCacheBehavior [ RunTime:0.000534s ]
INFO: [ app_begin ] --END-- [ RunTime:0.000615s ]
NOTIC: [8] Undefined index: openid D:\WWW\dev\register\Application\Home\Controller\CommonController.class.php 第 6 行.
SQL: SHOW COLUMNS FROM `p_menber` [ RunTime:0.0079s ]
SQL: SELECT * FROM `p_menber` WHERE `id` = 5  [ RunTime:0.0007s ]
INFO: [ view_parse ] --START--
INFO: [ template_filter ] --START--
INFO: Run Behavior\ContentReplaceBehavior [ RunTime:0.000106s ]
INFO: [ template_filter ] --END-- [ RunTime:0.000169s ]
INFO: Run Behavior\ParseTemplateBehavior [ RunTime:0.194578s ]
INFO: [ view_parse ] --END-- [ RunTime:0.194691s ]
INFO: [ view_filter ] --START--
INFO: Run Behavior\WriteHtmlCacheBehavior [ RunTime:0.000509s ]
INFO: [ view_filter ] --END-- [ RunTime:0.000598s ]
INFO: [ app_end ] --START--
INFO: Run Behavior\ShowPageTraceBehavior [ RunTime:0.000728s ]
INFO: [ app_end ] --END-- [ RunTime:0.000795s ]

[ 2017-03-16T07:56:13+08:00 ] 127.0.0.1 /register/index.php/Home/User/clock.html
INFO: [ app_init ] --START--
INFO: Run Behavior\BuildLiteBehavior [ RunTime:0.000015s ]
INFO: [ app_init ] --END-- [ RunTime:0.000367s ]
INFO: [ app_begin ] --START--
INFO: Run Behavior\ReadHtmlCacheBehavior [ RunTime:0.000452s ]
INFO: [ app_begin ] --END-- [ RunTime:0.000509s ]
NOTIC: [8] Undefined index: openid D:\WWW\dev\register\Application\Home\Controller\CommonController.class.php 第 6 行.
SQL: SHOW COLUMNS FROM `p_log` [ RunTime:0.0084s ]
SQL: SELECT * FROM `p_log` WHERE `userid` = 5 ORDER BY id desc  [ RunTime:0.0016s ]
NOTIC: [2] file_get_contents(jsapi_ticket.php): failed to open stream: No such file or directory D:\WWW\dev\register\ThinkPHP\Library\Org\Util\Jsdk.class.php 第 106 行.
NOTIC: [8] Trying to get property of non-object D:\WWW\dev\register\ThinkPHP\Library\Org\Util\Jsdk.class.php 第 50 行.
NOTIC: [2] file_get_contents(access_token.php): failed to open stream: No such file or directory D:\WWW\dev\register\ThinkPHP\Library\Org\Util\Jsdk.class.php 第 106 行.
NOTIC: [8] Trying to get property of non-object D:\WWW\dev\register\ThinkPHP\Library\Org\Util\Jsdk.class.php 第 72 行.
NOTIC: [8] curl_setopt(): CURLOPT_SSL_VERIFYHOST no longer accepts the value 1, value 2 will be used instead D:\WWW\dev\register\ThinkPHP\Library\Org\Util\Jsdk.class.php 第 96 行.
NOTIC: [8] Trying to get property of non-object D:\WWW\dev\register\ThinkPHP\Library\Org\Util\Jsdk.class.php 第 77 行.
NOTIC: [8] curl_setopt(): CURLOPT_SSL_VERIFYHOST no longer accepts the value 1, value 2 will be used instead D:\WWW\dev\register\ThinkPHP\Library\Org\Util\Jsdk.class.php 第 96 行.
NOTIC: [8] Trying to get property of non-object D:\WWW\dev\register\ThinkPHP\Library\Org\Util\Jsdk.class.php 第 56 行.
INFO: [ view_parse ] --START--
INFO: [ template_filter ] --START--
INFO: Run Behavior\ContentReplaceBehavior [ RunTime:0.000098s ]
INFO: [ template_filter ] --END-- [ RunTime:0.000160s ]
NOTIC: [2] Illegal string offset 'id' D:\WWW\dev\register\Application\Runtime\Cache\Home\f5396815d3a3d9650cf5cecdf6db43e0.php 第 61 行.
NOTIC: [2] Illegal string offset 'addtime' D:\WWW\dev\register\Application\Runtime\Cache\Home\f5396815d3a3d9650cf5cecdf6db43e0.php 第 62 行.
NOTIC: [2] Illegal string offset 'addr' D:\WWW\dev\register\Application\Runtime\Cache\Home\f5396815d3a3d9650cf5cecdf6db43e0.php 第 63 行.
NOTIC: [2] Illegal string offset 'id' D:\WWW\dev\register\Application\Runtime\Cache\Home\f5396815d3a3d9650cf5cecdf6db43e0.php 第 61 行.
NOTIC: [2] Illegal string offset 'addtime' D:\WWW\dev\register\Application\Runtime\Cache\Home\f5396815d3a3d9650cf5cecdf6db43e0.php 第 62 行.
NOTIC: [2] Illegal string offset 'addr' D:\WWW\dev\register\Application\Runtime\Cache\Home\f5396815d3a3d9650cf5cecdf6db43e0.php 第 63 行.
NOTIC: [2] Illegal string offset 'id' D:\WWW\dev\register\Application\Runtime\Cache\Home\f5396815d3a3d9650cf5cecdf6db43e0.php 第 61 行.
NOTIC: [2] Illegal string offset 'addtime' D:\WWW\dev\register\Application\Runtime\Cache\Home\f5396815d3a3d9650cf5cecdf6db43e0.php 第 62 行.
NOTIC: [2] Illegal string offset 'addr' D:\WWW\dev\register\Application\Runtime\Cache\Home\f5396815d3a3d9650cf5cecdf6db43e0.php 第 63 行.
NOTIC: [2] Illegal string offset 'id' D:\WWW\dev\register\Application\Runtime\Cache\Home\f5396815d3a3d9650cf5cecdf6db43e0.php 第 61 行.
NOTIC: [2] Illegal string offset 'addtime' D:\WWW\dev\register\Application\Runtime\Cache\Home\f5396815d3a3d9650cf5cecdf6db43e0.php 第 62 行.
NOTIC: [2] Illegal string offset 'addr' D:\WWW\dev\register\Application\Runtime\Cache\Home\f5396815d3a3d9650cf5cecdf6db43e0.php 第 63 行.
NOTIC: [2] Illegal string offset 'id' D:\WWW\dev\register\Application\Runtime\Cache\Home\f5396815d3a3d9650cf5cecdf6db43e0.php 第 61 行.
NOTIC: [2] Illegal string offset 'addtime' D:\WWW\dev\register\Application\Runtime\Cache\Home\f5396815d3a3d9650cf5cecdf6db43e0.php 第 62 行.
NOTIC: [2] Illegal string offset 'addr' D:\WWW\dev\register\Application\Runtime\Cache\Home\f5396815d3a3d9650cf5cecdf6db43e0.php 第 63 行.
INFO: Run Behavior\ParseTemplateBehavior [ RunTime:0.027839s ]
INFO: [ view_parse ] --END-- [ RunTime:0.027909s ]
INFO: [ view_filter ] --START--
INFO: Run Behavior\WriteHtmlCacheBehavior [ RunTime:0.000237s ]
INFO: [ view_filter ] --END-- [ RunTime:0.000291s ]
INFO: [ app_end ] --START--
INFO: Run Behavior\ShowPageTraceBehavior [ RunTime:0.000456s ]
INFO: [ app_end ] --END-- [ RunTime:0.000502s ]

[ 2017-03-16T07:56:26+08:00 ] 127.0.0.1 /register/index.php/Home/Index/index/openid/o2MKus4RU3wyRDzn9SzamKKMcCac
INFO: [ app_init ] --START--
INFO: Run Behavior\BuildLiteBehavior [ RunTime:0.000015s ]
INFO: [ app_init ] --END-- [ RunTime:0.000374s ]
INFO: [ app_begin ] --START--
INFO: Run Behavior\ReadHtmlCacheBehavior [ RunTime:0.000504s ]
INFO: [ app_begin ] --END-- [ RunTime:0.000571s ]
SQL: SHOW COLUMNS FROM `p_menber` [ RunTime:0.0069s ]
SQL: SELECT * FROM `p_menber` WHERE `openid` = 'o2MKus4RU3wyRDzn9SzamKKMcCac'  [ RunTime:0.0014s ]
INFO: [ view_parse ] --START--
INFO: [ template_filter ] --START--
INFO: Run Behavior\ContentReplaceBehavior [ RunTime:0.000116s ]
INFO: [ template_filter ] --END-- [ RunTime:0.000177s ]
NOTIC: [8] Undefined variable: signPackage D:\WWW\dev\register\Application\Runtime\Cache\Home\2a94b8bda04ff446dcedd42276fc99ee.php 第 95 行.
NOTIC: [8] Undefined variable: signPackage D:\WWW\dev\register\Application\Runtime\Cache\Home\2a94b8bda04ff446dcedd42276fc99ee.php 第 96 行.
NOTIC: [8] Undefined variable: signPackage D:\WWW\dev\register\Application\Runtime\Cache\Home\2a94b8bda04ff446dcedd42276fc99ee.php 第 97 行.
NOTIC: [8] Undefined variable: signPackage D:\WWW\dev\register\Application\Runtime\Cache\Home\2a94b8bda04ff446dcedd42276fc99ee.php 第 98 行.
INFO: Run Behavior\ParseTemplateBehavior [ RunTime:0.007637s ]
INFO: [ view_parse ] --END-- [ RunTime:0.007713s ]
INFO: [ view_filter ] --START--
INFO: Run Behavior\WriteHtmlCacheBehavior [ RunTime:0.000259s ]
INFO: [ view_filter ] --END-- [ RunTime:0.000312s ]
INFO: [ app_end ] --START--
INFO: Run Behavior\ShowPageTraceBehavior [ RunTime:0.000464s ]
INFO: [ app_end ] --END-- [ RunTime:0.000509s ]

[ 2017-03-16T08:03:37+08:00 ] 127.0.0.1 /register/index.php/Home/User/clock.html
INFO: [ app_init ] --START--
INFO: Run Behavior\BuildLiteBehavior [ RunTime:0.000016s ]
INFO: [ app_init ] --END-- [ RunTime:0.000432s ]
INFO: [ app_begin ] --START--
INFO: Run Behavior\ReadHtmlCacheBehavior [ RunTime:0.000513s ]
INFO: [ app_begin ] --END-- [ RunTime:0.000579s ]
NOTIC: [8] Undefined index: openid D:\WWW\dev\register\Application\Home\Controller\CommonController.class.php 第 6 行.
SQL: SHOW COLUMNS FROM `p_log` [ RunTime:0.0078s ]
SQL: SELECT * FROM `p_log` WHERE `userid` = 5 ORDER BY id desc  [ RunTime:0.0005s ]
NOTIC: [2] file_get_contents(jsapi_ticket.php): failed to open stream: No such file or directory D:\WWW\dev\register\ThinkPHP\Library\Org\Util\Jsdk.class.php 第 106 行.
NOTIC: [8] Trying to get property of non-object D:\WWW\dev\register\ThinkPHP\Library\Org\Util\Jsdk.class.php 第 50 行.
NOTIC: [2] file_get_contents(access_token.php): failed to open stream: No such file or directory D:\WWW\dev\register\ThinkPHP\Library\Org\Util\Jsdk.class.php 第 106 行.
NOTIC: [8] Trying to get property of non-object D:\WWW\dev\register\ThinkPHP\Library\Org\Util\Jsdk.class.php 第 72 行.
NOTIC: [8] curl_setopt(): CURLOPT_SSL_VERIFYHOST no longer accepts the value 1, value 2 will be used instead D:\WWW\dev\register\ThinkPHP\Library\Org\Util\Jsdk.class.php 第 96 行.
NOTIC: [8] Trying to get property of non-object D:\WWW\dev\register\ThinkPHP\Library\Org\Util\Jsdk.class.php 第 77 行.
NOTIC: [8] curl_setopt(): CURLOPT_SSL_VERIFYHOST no longer accepts the value 1, value 2 will be used instead D:\WWW\dev\register\ThinkPHP\Library\Org\Util\Jsdk.class.php 第 96 行.
NOTIC: [8] Trying to get property of non-object D:\WWW\dev\register\ThinkPHP\Library\Org\Util\Jsdk.class.php 第 56 行.
INFO: [ view_parse ] --START--
INFO: [ template_filter ] --START--
INFO: Run Behavior\ContentReplaceBehavior [ RunTime:0.000099s ]
INFO: [ template_filter ] --END-- [ RunTime:0.000161s ]
NOTIC: [2] Illegal string offset 'id' D:\WWW\dev\register\Application\Runtime\Cache\Home\f5396815d3a3d9650cf5cecdf6db43e0.php 第 61 行.
NOTIC: [2] Illegal string offset 'addtime' D:\WWW\dev\register\Application\Runtime\Cache\Home\f5396815d3a3d9650cf5cecdf6db43e0.php 第 62 行.
NOTIC: [2] Illegal string offset 'addr' D:\WWW\dev\register\Application\Runtime\Cache\Home\f5396815d3a3d9650cf5cecdf6db43e0.php 第 63 行.
NOTIC: [2] Illegal string offset 'id' D:\WWW\dev\register\Application\Runtime\Cache\Home\f5396815d3a3d9650cf5cecdf6db43e0.php 第 61 行.
NOTIC: [2] Illegal string offset 'addtime' D:\WWW\dev\register\Application\Runtime\Cache\Home\f5396815d3a3d9650cf5cecdf6db43e0.php 第 62 行.
NOTIC: [2] Illegal string offset 'addr' D:\WWW\dev\register\Application\Runtime\Cache\Home\f5396815d3a3d9650cf5cecdf6db43e0.php 第 63 行.
NOTIC: [2] Illegal string offset 'id' D:\WWW\dev\register\Application\Runtime\Cache\Home\f5396815d3a3d9650cf5cecdf6db43e0.php 第 61 行.
NOTIC: [2] Illegal string offset 'addtime' D:\WWW\dev\register\Application\Runtime\Cache\Home\f5396815d3a3d9650cf5cecdf6db43e0.php 第 62 行.
NOTIC: [2] Illegal string offset 'addr' D:\WWW\dev\register\Application\Runtime\Cache\Home\f5396815d3a3d9650cf5cecdf6db43e0.php 第 63 行.
NOTIC: [2] Illegal string offset 'id' D:\WWW\dev\register\Application\Runtime\Cache\Home\f5396815d3a3d9650cf5cecdf6db43e0.php 第 61 行.
NOTIC: [2] Illegal string offset 'addtime' D:\WWW\dev\register\Application\Runtime\Cache\Home\f5396815d3a3d9650cf5cecdf6db43e0.php 第 62 行.
NOTIC: [2] Illegal string offset 'addr' D:\WWW\dev\register\Application\Runtime\Cache\Home\f5396815d3a3d9650cf5cecdf6db43e0.php 第 63 行.
NOTIC: [2] Illegal string offset 'id' D:\WWW\dev\register\Application\Runtime\Cache\Home\f5396815d3a3d9650cf5cecdf6db43e0.php 第 61 行.
NOTIC: [2] Illegal string offset 'addtime' D:\WWW\dev\register\Application\Runtime\Cache\Home\f5396815d3a3d9650cf5cecdf6db43e0.php 第 62 行.
NOTIC: [2] Illegal string offset 'addr' D:\WWW\dev\register\Application\Runtime\Cache\Home\f5396815d3a3d9650cf5cecdf6db43e0.php 第 63 行.
INFO: Run Behavior\ParseTemplateBehavior [ RunTime:0.011205s ]
INFO: [ view_parse ] --END-- [ RunTime:0.011280s ]
INFO: [ view_filter ] --START--
INFO: Run Behavior\WriteHtmlCacheBehavior [ RunTime:0.000419s ]
INFO: [ view_filter ] --END-- [ RunTime:0.000487s ]
INFO: [ app_end ] --START--
INFO: Run Behavior\ShowPageTraceBehavior [ RunTime:0.000671s ]
INFO: [ app_end ] --END-- [ RunTime:0.000775s ]

[ 2017-03-16T08:03:47+08:00 ] 127.0.0.1 /register/index.php/Home/User/clock.html
INFO: [ app_init ] --START--
INFO: Run Behavior\BuildLiteBehavior [ RunTime:0.000015s ]
INFO: [ app_init ] --END-- [ RunTime:0.000358s ]
INFO: [ app_begin ] --START--
INFO: Run Behavior\ReadHtmlCacheBehavior [ RunTime:0.000437s ]
INFO: [ app_begin ] --END-- [ RunTime:0.000491s ]
NOTIC: [8] Undefined index: openid D:\WWW\dev\register\Application\Home\Controller\CommonController.class.php 第 6 行.
SQL: SHOW COLUMNS FROM `p_log` [ RunTime:0.0060s ]
SQL: SELECT * FROM `p_log` WHERE `userid` = 5 ORDER BY id desc  [ RunTime:0.0015s ]
NOTIC: [2] file_get_contents(jsapi_ticket.php): failed to open stream: No such file or directory D:\WWW\dev\register\ThinkPHP\Library\Org\Util\Jsdk.class.php 第 106 行.
NOTIC: [8] Trying to get property of non-object D:\WWW\dev\register\ThinkPHP\Library\Org\Util\Jsdk.class.php 第 50 行.
NOTIC: [2] file_get_contents(access_token.php): failed to open stream: No such file or directory D:\WWW\dev\register\ThinkPHP\Library\Org\Util\Jsdk.class.php 第 106 行.
NOTIC: [8] Trying to get property of non-object D:\WWW\dev\register\ThinkPHP\Library\Org\Util\Jsdk.class.php 第 72 行.
NOTIC: [8] curl_setopt(): CURLOPT_SSL_VERIFYHOST no longer accepts the value 1, value 2 will be used instead D:\WWW\dev\register\ThinkPHP\Library\Org\Util\Jsdk.class.php 第 96 行.
NOTIC: [8] Trying to get property of non-object D:\WWW\dev\register\ThinkPHP\Library\Org\Util\Jsdk.class.php 第 77 行.
NOTIC: [8] curl_setopt(): CURLOPT_SSL_VERIFYHOST no longer accepts the value 1, value 2 will be used instead D:\WWW\dev\register\ThinkPHP\Library\Org\Util\Jsdk.class.php 第 96 行.
NOTIC: [8] Trying to get property of non-object D:\WWW\dev\register\ThinkPHP\Library\Org\Util\Jsdk.class.php 第 56 行.
INFO: [ view_parse ] --START--
INFO: [ template_filter ] --START--
INFO: Run Behavior\ContentReplaceBehavior [ RunTime:0.000098s ]
INFO: [ template_filter ] --END-- [ RunTime:0.000163s ]
NOTIC: [2] Illegal string offset 'id' D:\WWW\dev\register\Application\Runtime\Cache\Home\f5396815d3a3d9650cf5cecdf6db43e0.php 第 61 行.
NOTIC: [2] Illegal string offset 'addtime' D:\WWW\dev\register\Application\Runtime\Cache\Home\f5396815d3a3d9650cf5cecdf6db43e0.php 第 62 行.
NOTIC: [2] Illegal string offset 'addr' D:\WWW\dev\register\Application\Runtime\Cache\Home\f5396815d3a3d9650cf5cecdf6db43e0.php 第 63 行.
NOTIC: [2] Illegal string offset 'id' D:\WWW\dev\register\Application\Runtime\Cache\Home\f5396815d3a3d9650cf5cecdf6db43e0.php 第 61 行.
NOTIC: [2] Illegal string offset 'addtime' D:\WWW\dev\register\Application\Runtime\Cache\Home\f5396815d3a3d9650cf5cecdf6db43e0.php 第 62 行.
NOTIC: [2] Illegal string offset 'addr' D:\WWW\dev\register\Application\Runtime\Cache\Home\f5396815d3a3d9650cf5cecdf6db43e0.php 第 63 行.
NOTIC: [2] Illegal string offset 'id' D:\WWW\dev\register\Application\Runtime\Cache\Home\f5396815d3a3d9650cf5cecdf6db43e0.php 第 61 行.
NOTIC: [2] Illegal string offset 'addtime' D:\WWW\dev\register\Application\Runtime\Cache\Home\f5396815d3a3d9650cf5cecdf6db43e0.php 第 62 行.
NOTIC: [2] Illegal string offset 'addr' D:\WWW\dev\register\Application\Runtime\Cache\Home\f5396815d3a3d9650cf5cecdf6db43e0.php 第 63 行.
NOTIC: [2] Illegal string offset 'id' D:\WWW\dev\register\Application\Runtime\Cache\Home\f5396815d3a3d9650cf5cecdf6db43e0.php 第 61 行.
NOTIC: [2] Illegal string offset 'addtime' D:\WWW\dev\register\Application\Runtime\Cache\Home\f5396815d3a3d9650cf5cecdf6db43e0.php 第 62 行.
NOTIC: [2] Illegal string offset 'addr' D:\WWW\dev\register\Application\Runtime\Cache\Home\f5396815d3a3d9650cf5cecdf6db43e0.php 第 63 行.
NOTIC: [2] Illegal string offset 'id' D:\WWW\dev\register\Application\Runtime\Cache\Home\f5396815d3a3d9650cf5cecdf6db43e0.php 第 61 行.
NOTIC: [2] Illegal string offset 'addtime' D:\WWW\dev\register\Application\Runtime\Cache\Home\f5396815d3a3d9650cf5cecdf6db43e0.php 第 62 行.
NOTIC: [2] Illegal string offset 'addr' D:\WWW\dev\register\Application\Runtime\Cache\Home\f5396815d3a3d9650cf5cecdf6db43e0.php 第 63 行.
INFO: Run Behavior\ParseTemplateBehavior [ RunTime:0.009327s ]
INFO: [ view_parse ] --END-- [ RunTime:0.009402s ]
INFO: [ view_filter ] --START--
INFO: Run Behavior\WriteHtmlCacheBehavior [ RunTime:0.000394s ]
INFO: [ view_filter ] --END-- [ RunTime:0.000467s ]
INFO: [ app_end ] --START--
INFO: Run Behavior\ShowPageTraceBehavior [ RunTime:0.000601s ]
INFO: [ app_end ] --END-- [ RunTime:0.000667s ]

[ 2017-03-16T08:05:33+08:00 ] 127.0.0.1 /register/index.php/Home/User/shake
INFO: [ app_init ] --START--
INFO: Run Behavior\BuildLiteBehavior [ RunTime:0.000053s ]
INFO: [ app_init ] --END-- [ RunTime:0.000730s ]
INFO: [ app_begin ] --START--
INFO: Run Behavior\ReadHtmlCacheBehavior [ RunTime:0.000860s ]
INFO: [ app_begin ] --END-- [ RunTime:0.000994s ]
NOTIC: [8] Undefined index: openid D:\WWW\dev\register\Application\Home\Controller\CommonController.class.php 第 6 行.
NOTIC: [8] Undefined index: latitude D:\WWW\dev\register\Application\Home\Controller\UserController.class.php 第 85 行.
NOTIC: [8] Undefined index: longitude D:\WWW\dev\register\Application\Home\Controller\UserController.class.php 第 86 行.
SQL: SHOW COLUMNS FROM `p_sets` [ RunTime:0.0080s ]
SQL: SELECT * FROM `p_sets` WHERE `id` = 1  [ RunTime:0.0015s ]
SQL: SELECT * FROM `p_sets` WHERE `id` IN ('2','3','4')  [ RunTime:0.0012s ]

[ 2017-03-16T08:05:37+08:00 ] 127.0.0.1 /register/index.php/Home/User/shake
INFO: [ app_init ] --START--
INFO: Run Behavior\BuildLiteBehavior [ RunTime:0.000023s ]
INFO: [ app_init ] --END-- [ RunTime:0.000603s ]
INFO: [ app_begin ] --START--
INFO: Run Behavior\ReadHtmlCacheBehavior [ RunTime:0.000605s ]
INFO: [ app_begin ] --END-- [ RunTime:0.000681s ]
NOTIC: [8] Undefined index: openid D:\WWW\dev\register\Application\Home\Controller\CommonController.class.php 第 6 行.
NOTIC: [8] Undefined index: latitude D:\WWW\dev\register\Application\Home\Controller\UserController.class.php 第 85 行.
NOTIC: [8] Undefined index: longitude D:\WWW\dev\register\Application\Home\Controller\UserController.class.php 第 86 行.
SQL: SHOW COLUMNS FROM `p_sets` [ RunTime:0.0067s ]
SQL: SELECT * FROM `p_sets` WHERE `id` = 1  [ RunTime:0.0015s ]
SQL: SELECT * FROM `p_sets` WHERE `id` IN ('2','3','4')  [ RunTime:0.0017s ]

[ 2017-03-16T08:07:55+08:00 ] 127.0.0.1 /register/index.php/Home/User/shake
INFO: [ app_init ] --START--
INFO: Run Behavior\BuildLiteBehavior [ RunTime:0.000015s ]
INFO: [ app_init ] --END-- [ RunTime:0.000459s ]
INFO: [ app_begin ] --START--
INFO: Run Behavior\ReadHtmlCacheBehavior [ RunTime:0.000844s ]
INFO: [ app_begin ] --END-- [ RunTime:0.000960s ]
NOTIC: [8] Undefined index: openid D:\WWW\dev\register\Application\Home\Controller\CommonController.class.php 第 6 行.
NOTIC: [8] Undefined index: latitude D:\WWW\dev\register\Application\Home\Controller\UserController.class.php 第 85 行.
NOTIC: [8] Undefined index: longitude D:\WWW\dev\register\Application\Home\Controller\UserController.class.php 第 86 行.
SQL: SHOW COLUMNS FROM `p_sets` [ RunTime:0.0079s ]
SQL: SELECT * FROM `p_sets` WHERE `id` = 1  [ RunTime:0.0022s ]
SQL: SELECT * FROM `p_sets` WHERE `id` IN ('2','3','4')  [ RunTime:0.0028s ]
SQL: SHOW COLUMNS FROM `p_log` [ RunTime:0.0089s ]
SQL: SELECT * FROM `p_log` WHERE `addtime` LIKE '%2017-03-16%' AND `type` = 2 AND `userid` = 5  [ RunTime:0.0033s ]
NOTIC: [8] Undefined offset: 0 D:\WWW\dev\register\Application\Home\Controller\UserController.class.php 第 146 行.
SQL: INSERT INTO `p_log` (`latitude`,`longitude`,`addtime`,`addymd`,`addr`,`name`,`nickname`,`userid`,`type`,`state`) VALUES (NULL,NULL,'2017-03-16 08:07:55','2017-03-16',NULL,'李海龙','海龙','5','2','1') [ RunTime:0.0027s ]
INFO: [ view_parse ] --START--
INFO: [ template_filter ] --START--
INFO: Run Behavior\ContentReplaceBehavior [ RunTime:0.000097s ]
INFO: [ template_filter ] --END-- [ RunTime:0.000164s ]
NOTIC: [8] Undefined variable: isshake D:\WWW\dev\register\Application\Runtime\Cache\Home\f2ddaaf25acb6a5b9cf4acc3eb3fc48a.php 第 73 行.
NOTIC: [8] Undefined variable: iscome D:\WWW\dev\register\Application\Runtime\Cache\Home\f2ddaaf25acb6a5b9cf4acc3eb3fc48a.php 第 73 行.
INFO: Run Behavior\ParseTemplateBehavior [ RunTime:0.079459s ]
INFO: [ view_parse ] --END-- [ RunTime:0.079531s ]
INFO: [ view_filter ] --START--
INFO: Run Behavior\WriteHtmlCacheBehavior [ RunTime:0.000327s ]
INFO: [ view_filter ] --END-- [ RunTime:0.000372s ]
INFO: [ app_end ] --START--
INFO: Run Behavior\ShowPageTraceBehavior [ RunTime:0.000893s ]
INFO: [ app_end ] --END-- [ RunTime:0.000997s ]

[ 2017-03-16T08:10:18+08:00 ] 127.0.0.1 /register/index.php/Home/User/shake
INFO: [ app_init ] --START--
INFO: Run Behavior\BuildLiteBehavior [ RunTime:0.000016s ]
INFO: [ app_init ] --END-- [ RunTime:0.000459s ]
INFO: [ app_begin ] --START--
INFO: Run Behavior\ReadHtmlCacheBehavior [ RunTime:0.000509s ]
INFO: [ app_begin ] --END-- [ RunTime:0.000575s ]
NOTIC: [8] Undefined index: openid D:\WWW\dev\register\Application\Home\Controller\CommonController.class.php 第 6 行.
NOTIC: [8] Undefined index: latitude D:\WWW\dev\register\Application\Home\Controller\UserController.class.php 第 85 行.
NOTIC: [8] Undefined index: longitude D:\WWW\dev\register\Application\Home\Controller\UserController.class.php 第 86 行.
SQL: SHOW COLUMNS FROM `p_sets` [ RunTime:0.0081s ]
SQL: SELECT * FROM `p_sets` WHERE `id` = 1  [ RunTime:0.0008s ]
SQL: SELECT * FROM `p_sets` WHERE `id` IN ('2','3','4')  [ RunTime:0.0007s ]

[ 2017-03-16T08:10:36+08:00 ] 127.0.0.1 /register/index.php/Home/User/shake
INFO: [ app_init ] --START--
INFO: Run Behavior\BuildLiteBehavior [ RunTime:0.000021s ]
INFO: [ app_init ] --END-- [ RunTime:0.000388s ]
INFO: [ app_begin ] --START--
INFO: Run Behavior\ReadHtmlCacheBehavior [ RunTime:0.000436s ]
INFO: [ app_begin ] --END-- [ RunTime:0.000502s ]
NOTIC: [8] Undefined index: openid D:\WWW\dev\register\Application\Home\Controller\CommonController.class.php 第 6 行.
NOTIC: [8] Undefined index: latitude D:\WWW\dev\register\Application\Home\Controller\UserController.class.php 第 85 行.
NOTIC: [8] Undefined index: longitude D:\WWW\dev\register\Application\Home\Controller\UserController.class.php 第 86 行.
SQL: SHOW COLUMNS FROM `p_sets` [ RunTime:0.0051s ]
SQL: SELECT * FROM `p_sets` WHERE `id` = 1  [ RunTime:0.0006s ]
SQL: SELECT * FROM `p_sets` WHERE `id` IN ('2','3','4')  [ RunTime:0.0004s ]

[ 2017-03-16T08:10:51+08:00 ] 127.0.0.1 /register/index.php/Home/User/shake
INFO: [ app_init ] --START--
INFO: Run Behavior\BuildLiteBehavior [ RunTime:0.000015s ]
INFO: [ app_init ] --END-- [ RunTime:0.000375s ]
INFO: [ app_begin ] --START--
INFO: Run Behavior\ReadHtmlCacheBehavior [ RunTime:0.000430s ]
INFO: [ app_begin ] --END-- [ RunTime:0.000502s ]
NOTIC: [8] Undefined index: openid D:\WWW\dev\register\Application\Home\Controller\CommonController.class.php 第 6 行.
NOTIC: [8] Undefined index: latitude D:\WWW\dev\register\Application\Home\Controller\UserController.class.php 第 85 行.
NOTIC: [8] Undefined index: longitude D:\WWW\dev\register\Application\Home\Controller\UserController.class.php 第 86 行.
SQL: SHOW COLUMNS FROM `p_sets` [ RunTime:0.0080s ]
SQL: SELECT * FROM `p_sets` WHERE `id` = 1  [ RunTime:0.0016s ]
SQL: SELECT * FROM `p_sets` WHERE `id` IN ('2','3','4')  [ RunTime:0.0013s ]

[ 2017-03-16T20:24:47+08:00 ] 127.0.0.1 /register/index.php/Home/Index/index/openid/o2MKus4RU3wyRDzn9SzamKKMcCac
INFO: [ app_init ] --START--
INFO: Run Behavior\BuildLiteBehavior [ RunTime:0.000015s ]
INFO: [ app_init ] --END-- [ RunTime:0.000404s ]
INFO: [ app_begin ] --START--
INFO: Run Behavior\ReadHtmlCacheBehavior [ RunTime:0.000738s ]
INFO: [ app_begin ] --END-- [ RunTime:0.000836s ]
SQL: SHOW COLUMNS FROM `p_menber` [ RunTime:0.0524s ]
SQL: SELECT * FROM `p_menber` WHERE `openid` = 'o2MKus4RU3wyRDzn9SzamKKMcCac'  [ RunTime:0.0011s ]
INFO: [ view_parse ] --START--
INFO: [ template_filter ] --START--
INFO: Run Behavior\ContentReplaceBehavior [ RunTime:0.000150s ]
INFO: [ template_filter ] --END-- [ RunTime:0.000248s ]
NOTIC: [8] Undefined variable: signPackage D:\WWW\dev\register\Application\Runtime\Cache\Home\2a94b8bda04ff446dcedd42276fc99ee.php 第 95 行.
NOTIC: [8] Undefined variable: signPackage D:\WWW\dev\register\Application\Runtime\Cache\Home\2a94b8bda04ff446dcedd42276fc99ee.php 第 96 行.
NOTIC: [8] Undefined variable: signPackage D:\WWW\dev\register\Application\Runtime\Cache\Home\2a94b8bda04ff446dcedd42276fc99ee.php 第 97 行.
NOTIC: [8] Undefined variable: signPackage D:\WWW\dev\register\Application\Runtime\Cache\Home\2a94b8bda04ff446dcedd42276fc99ee.php 第 98 行.
INFO: Run Behavior\ParseTemplateBehavior [ RunTime:0.107950s ]
INFO: [ view_parse ] --END-- [ RunTime:0.108061s ]
INFO: [ view_filter ] --START--
INFO: Run Behavior\WriteHtmlCacheBehavior [ RunTime:0.000247s ]
INFO: [ view_filter ] --END-- [ RunTime:0.000291s ]
INFO: [ app_end ] --START--
INFO: Run Behavior\ShowPageTraceBehavior [ RunTime:0.000484s ]
INFO: [ app_end ] --END-- [ RunTime:0.000530s ]

[ 2017-03-16T20:39:14+08:00 ] 127.0.0.1 /register/index.php/Home/User/clock.html
INFO: [ app_init ] --START--
INFO: Run Behavior\BuildLiteBehavior [ RunTime:0.000015s ]
INFO: [ app_init ] --END-- [ RunTime:0.000515s ]
INFO: [ app_begin ] --START--
INFO: Run Behavior\ReadHtmlCacheBehavior [ RunTime:0.000561s ]
INFO: [ app_begin ] --END-- [ RunTime:0.000654s ]
NOTIC: [8] Undefined index: openid D:\WWW\dev\register\Application\Home\Controller\CommonController.class.php 第 6 行.
SQL: SHOW COLUMNS FROM `p_log` [ RunTime:0.0059s ]
SQL: SELECT * FROM `p_log` WHERE `userid` = 5 ORDER BY id desc  [ RunTime:0.0012s ]
NOTIC: [2] file_get_contents(jsapi_ticket.php): failed to open stream: No such file or directory D:\WWW\dev\register\ThinkPHP\Library\Org\Util\Jsdk.class.php 第 106 行.
NOTIC: [8] Trying to get property of non-object D:\WWW\dev\register\ThinkPHP\Library\Org\Util\Jsdk.class.php 第 50 行.
NOTIC: [2] file_get_contents(access_token.php): failed to open stream: No such file or directory D:\WWW\dev\register\ThinkPHP\Library\Org\Util\Jsdk.class.php 第 106 行.
NOTIC: [8] Trying to get property of non-object D:\WWW\dev\register\ThinkPHP\Library\Org\Util\Jsdk.class.php 第 72 行.
NOTIC: [8] curl_setopt(): CURLOPT_SSL_VERIFYHOST no longer accepts the value 1, value 2 will be used instead D:\WWW\dev\register\ThinkPHP\Library\Org\Util\Jsdk.class.php 第 96 行.
NOTIC: [8] Trying to get property of non-object D:\WWW\dev\register\ThinkPHP\Library\Org\Util\Jsdk.class.php 第 77 行.
NOTIC: [8] curl_setopt(): CURLOPT_SSL_VERIFYHOST no longer accepts the value 1, value 2 will be used instead D:\WWW\dev\register\ThinkPHP\Library\Org\Util\Jsdk.class.php 第 96 行.
NOTIC: [8] Trying to get property of non-object D:\WWW\dev\register\ThinkPHP\Library\Org\Util\Jsdk.class.php 第 56 行.
INFO: [ view_parse ] --START--
INFO: [ template_filter ] --START--
INFO: Run Behavior\ContentReplaceBehavior [ RunTime:0.000146s ]
INFO: [ template_filter ] --END-- [ RunTime:0.000237s ]
NOTIC: [2] Illegal string offset 'id' D:\WWW\dev\register\Application\Runtime\Cache\Home\f5396815d3a3d9650cf5cecdf6db43e0.php 第 61 行.
NOTIC: [2] Illegal string offset 'addtime' D:\WWW\dev\register\Application\Runtime\Cache\Home\f5396815d3a3d9650cf5cecdf6db43e0.php 第 62 行.
NOTIC: [2] Illegal string offset 'addr' D:\WWW\dev\register\Application\Runtime\Cache\Home\f5396815d3a3d9650cf5cecdf6db43e0.php 第 63 行.
NOTIC: [2] Illegal string offset 'id' D:\WWW\dev\register\Application\Runtime\Cache\Home\f5396815d3a3d9650cf5cecdf6db43e0.php 第 61 行.
NOTIC: [2] Illegal string offset 'addtime' D:\WWW\dev\register\Application\Runtime\Cache\Home\f5396815d3a3d9650cf5cecdf6db43e0.php 第 62 行.
NOTIC: [2] Illegal string offset 'addr' D:\WWW\dev\register\Application\Runtime\Cache\Home\f5396815d3a3d9650cf5cecdf6db43e0.php 第 63 行.
NOTIC: [2] Illegal string offset 'id' D:\WWW\dev\register\Application\Runtime\Cache\Home\f5396815d3a3d9650cf5cecdf6db43e0.php 第 61 行.
NOTIC: [2] Illegal string offset 'addtime' D:\WWW\dev\register\Application\Runtime\Cache\Home\f5396815d3a3d9650cf5cecdf6db43e0.php 第 62 行.
NOTIC: [2] Illegal string offset 'addr' D:\WWW\dev\register\Application\Runtime\Cache\Home\f5396815d3a3d9650cf5cecdf6db43e0.php 第 63 行.
NOTIC: [2] Illegal string offset 'id' D:\WWW\dev\register\Application\Runtime\Cache\Home\f5396815d3a3d9650cf5cecdf6db43e0.php 第 61 行.
NOTIC: [2] Illegal string offset 'addtime' D:\WWW\dev\register\Application\Runtime\Cache\Home\f5396815d3a3d9650cf5cecdf6db43e0.php 第 62 行.
NOTIC: [2] Illegal string offset 'addr' D:\WWW\dev\register\Application\Runtime\Cache\Home\f5396815d3a3d9650cf5cecdf6db43e0.php 第 63 行.
NOTIC: [2] Illegal string offset 'id' D:\WWW\dev\register\Application\Runtime\Cache\Home\f5396815d3a3d9650cf5cecdf6db43e0.php 第 61 行.
NOTIC: [2] Illegal string offset 'addtime' D:\WWW\dev\register\Application\Runtime\Cache\Home\f5396815d3a3d9650cf5cecdf6db43e0.php 第 62 行.
NOTIC: [2] Illegal string offset 'addr' D:\WWW\dev\register\Application\Runtime\Cache\Home\f5396815d3a3d9650cf5cecdf6db43e0.php 第 63 行.
INFO: Run Behavior\ParseTemplateBehavior [ RunTime:0.036462s ]
INFO: [ view_parse ] --END-- [ RunTime:0.036523s ]
INFO: [ view_filter ] --START--
INFO: Run Behavior\WriteHtmlCacheBehavior [ RunTime:0.000356s ]
INFO: [ view_filter ] --END-- [ RunTime:0.000400s ]
INFO: [ app_end ] --START--
INFO: Run Behavior\ShowPageTraceBehavior [ RunTime:0.000582s ]
INFO: [ app_end ] --END-- [ RunTime:0.000628s ]

[ 2017-03-16T21:01:33+08:00 ] 127.0.0.1 /register/index.php/Home/Index/
INFO: [ app_init ] --START--
INFO: Run Behavior\BuildLiteBehavior [ RunTime:0.000015s ]
INFO: [ app_init ] --END-- [ RunTime:0.000477s ]
INFO: [ app_begin ] --START--
INFO: Run Behavior\ReadHtmlCacheBehavior [ RunTime:0.000497s ]
INFO: [ app_begin ] --END-- [ RunTime:0.000564s ]
NOTIC: [8] Undefined index: openid D:\WWW\dev\register\Application\Home\Controller\CommonController.class.php 第 6 行.
INFO: [ view_parse ] --START--
INFO: [ template_filter ] --START--
INFO: Run Behavior\ContentReplaceBehavior [ RunTime:0.000122s ]
INFO: [ template_filter ] --END-- [ RunTime:0.000217s ]
NOTIC: [8] Undefined variable: signPackage D:\WWW\dev\register\Application\Runtime\Cache\Home\2a94b8bda04ff446dcedd42276fc99ee.php 第 102 行.
NOTIC: [8] Undefined variable: signPackage D:\WWW\dev\register\Application\Runtime\Cache\Home\2a94b8bda04ff446dcedd42276fc99ee.php 第 103 行.
NOTIC: [8] Undefined variable: signPackage D:\WWW\dev\register\Application\Runtime\Cache\Home\2a94b8bda04ff446dcedd42276fc99ee.php 第 104 行.
NOTIC: [8] Undefined variable: signPackage D:\WWW\dev\register\Application\Runtime\Cache\Home\2a94b8bda04ff446dcedd42276fc99ee.php 第 105 行.
INFO: Run Behavior\ParseTemplateBehavior [ RunTime:0.010366s ]
INFO: [ view_parse ] --END-- [ RunTime:0.010458s ]
INFO: [ view_filter ] --START--
INFO: Run Behavior\WriteHtmlCacheBehavior [ RunTime:0.000303s ]
INFO: [ view_filter ] --END-- [ RunTime:0.000346s ]
INFO: [ app_end ] --START--
INFO: Run Behavior\ShowPageTraceBehavior [ RunTime:0.000534s ]
INFO: [ app_end ] --END-- [ RunTime:0.000580s ]

[ 2017-03-16T21:02:58+08:00 ] 127.0.0.1 /register/index.php/Home/Index/
INFO: [ app_init ] --START--
INFO: Run Behavior\BuildLiteBehavior [ RunTime:0.000023s ]
INFO: [ app_init ] --END-- [ RunTime:0.000526s ]
INFO: [ app_begin ] --START--
INFO: Run Behavior\ReadHtmlCacheBehavior [ RunTime:0.000560s ]
INFO: [ app_begin ] --END-- [ RunTime:0.000632s ]
NOTIC: [8] Undefined index: openid D:\WWW\dev\register\Application\Home\Controller\CommonController.class.php 第 6 行.
INFO: [ view_parse ] --START--
INFO: [ template_filter ] --START--
INFO: Run Behavior\ContentReplaceBehavior [ RunTime:0.000140s ]
INFO: [ template_filter ] --END-- [ RunTime:0.000244s ]
NOTIC: [8] Undefined variable: signPackage D:\WWW\dev\register\Application\Runtime\Cache\Home\2a94b8bda04ff446dcedd42276fc99ee.php 第 102 行.
NOTIC: [8] Undefined variable: signPackage D:\WWW\dev\register\Application\Runtime\Cache\Home\2a94b8bda04ff446dcedd42276fc99ee.php 第 103 行.
NOTIC: [8] Undefined variable: signPackage D:\WWW\dev\register\Application\Runtime\Cache\Home\2a94b8bda04ff446dcedd42276fc99ee.php 第 104 行.
NOTIC: [8] Undefined variable: signPackage D:\WWW\dev\register\Application\Runtime\Cache\Home\2a94b8bda04ff446dcedd42276fc99ee.php 第 105 行.
INFO: Run Behavior\ParseTemplateBehavior [ RunTime:0.009233s ]
INFO: [ view_parse ] --END-- [ RunTime:0.009309s ]
INFO: [ view_filter ] --START--
INFO: Run Behavior\WriteHtmlCacheBehavior [ RunTime:0.000244s ]
INFO: [ view_filter ] --END-- [ RunTime:0.000287s ]
INFO: [ app_end ] --START--
INFO: Run Behavior\ShowPageTraceBehavior [ RunTime:0.000476s ]
INFO: [ app_end ] --END-- [ RunTime:0.000521s ]

[ 2017-03-16T21:03:45+08:00 ] 127.0.0.1 /register/index.php/Home/User/leave.html
INFO: [ app_init ] --START--
INFO: Run Behavior\BuildLiteBehavior [ RunTime:0.000015s ]
INFO: [ app_init ] --END-- [ RunTime:0.000410s ]
INFO: [ app_begin ] --START--
INFO: Run Behavior\ReadHtmlCacheBehavior [ RunTime:0.000606s ]
INFO: [ app_begin ] --END-- [ RunTime:0.000676s ]
NOTIC: [8] Undefined index: openid D:\WWW\dev\register\Application\Home\Controller\CommonController.class.php 第 6 行.
SQL: SHOW COLUMNS FROM `p_message` [ RunTime:0.0071s ]
SQL: SELECT * FROM `p_message` WHERE `userid` = 5 ORDER BY state asc  [ RunTime:0.0006s ]
INFO: [ view_parse ] --START--
INFO: [ template_filter ] --START--
INFO: Run Behavior\ContentReplaceBehavior [ RunTime:0.000091s ]
INFO: [ template_filter ] --END-- [ RunTime:0.000155s ]
INFO: Run Behavior\ParseTemplateBehavior [ RunTime:0.060373s ]
INFO: [ view_parse ] --END-- [ RunTime:0.060439s ]
INFO: [ view_filter ] --START--
INFO: Run Behavior\WriteHtmlCacheBehavior [ RunTime:0.000311s ]
INFO: [ view_filter ] --END-- [ RunTime:0.000359s ]
INFO: [ app_end ] --START--
INFO: Run Behavior\ShowPageTraceBehavior [ RunTime:0.000516s ]
INFO: [ app_end ] --END-- [ RunTime:0.000562s ]

[ 2017-03-16T21:09:44+08:00 ] 127.0.0.1 /register/index.php/Home/Index/
INFO: [ app_init ] --START--
INFO: Run Behavior\BuildLiteBehavior [ RunTime:0.000020s ]
INFO: [ app_init ] --END-- [ RunTime:0.000539s ]
INFO: [ app_begin ] --START--
INFO: Run Behavior\ReadHtmlCacheBehavior [ RunTime:0.000617s ]
INFO: [ app_begin ] --END-- [ RunTime:0.000690s ]
NOTIC: [8] Undefined index: openid D:\WWW\dev\register\Application\Home\Controller\CommonController.class.php 第 6 行.
INFO: [ view_parse ] --START--
INFO: [ template_filter ] --START--
INFO: Run Behavior\ContentReplaceBehavior [ RunTime:0.000118s ]
INFO: [ template_filter ] --END-- [ RunTime:0.000197s ]
NOTIC: [8] Undefined variable: signPackage D:\WWW\dev\register\Application\Runtime\Cache\Home\2a94b8bda04ff446dcedd42276fc99ee.php 第 102 行.
NOTIC: [8] Undefined variable: signPackage D:\WWW\dev\register\Application\Runtime\Cache\Home\2a94b8bda04ff446dcedd42276fc99ee.php 第 103 行.
NOTIC: [8] Undefined variable: signPackage D:\WWW\dev\register\Application\Runtime\Cache\Home\2a94b8bda04ff446dcedd42276fc99ee.php 第 104 行.
NOTIC: [8] Undefined variable: signPackage D:\WWW\dev\register\Application\Runtime\Cache\Home\2a94b8bda04ff446dcedd42276fc99ee.php 第 105 行.
INFO: Run Behavior\ParseTemplateBehavior [ RunTime:0.010596s ]
INFO: [ view_parse ] --END-- [ RunTime:0.010669s ]
INFO: [ view_filter ] --START--
INFO: Run Behavior\WriteHtmlCacheBehavior [ RunTime:0.000305s ]
INFO: [ view_filter ] --END-- [ RunTime:0.000348s ]
INFO: [ app_end ] --START--
INFO: Run Behavior\ShowPageTraceBehavior [ RunTime:0.000545s ]
INFO: [ app_end ] --END-- [ RunTime:0.000600s ]

[ 2017-03-16T21:09:47+08:00 ] 127.0.0.1 /register/index.php/Home/User/appeallist
INFO: [ app_init ] --START--
INFO: Run Behavior\BuildLiteBehavior [ RunTime:0.000015s ]
INFO: [ app_init ] --END-- [ RunTime:0.000388s ]
INFO: [ app_begin ] --START--
INFO: Run Behavior\ReadHtmlCacheBehavior [ RunTime:0.000498s ]
INFO: [ app_begin ] --END-- [ RunTime:0.000566s ]
NOTIC: [8] Undefined index: openid D:\WWW\dev\register\Application\Home\Controller\CommonController.class.php 第 6 行.
INFO: [ view_parse ] --START--
INFO: [ template_filter ] --START--
INFO: Run Behavior\ContentReplaceBehavior [ RunTime:0.000082s ]
INFO: [ template_filter ] --END-- [ RunTime:0.000143s ]
NOTIC: [8] Undefined variable: user D:\WWW\dev\register\Application\Runtime\Cache\Home\b1bd1905fce4cad780c1b9b8a501a129.php 第 62 行.
INFO: Run Behavior\ParseTemplateBehavior [ RunTime:0.008729s ]
INFO: [ view_parse ] --END-- [ RunTime:0.008783s ]
INFO: [ view_filter ] --START--
INFO: Run Behavior\WriteHtmlCacheBehavior [ RunTime:0.000228s ]
INFO: [ view_filter ] --END-- [ RunTime:0.000273s ]
INFO: [ app_end ] --START--
INFO: Run Behavior\ShowPageTraceBehavior [ RunTime:0.000466s ]
INFO: [ app_end ] --END-- [ RunTime:0.000511s ]

[ 2017-03-16T21:11:19+08:00 ] 127.0.0.1 /register/index.php/Home/User/appeallist
INFO: [ app_init ] --START--
INFO: Run Behavior\BuildLiteBehavior [ RunTime:0.000024s ]
INFO: [ app_init ] --END-- [ RunTime:0.000615s ]
INFO: [ app_begin ] --START--
INFO: Run Behavior\ReadHtmlCacheBehavior [ RunTime:0.000496s ]
INFO: [ app_begin ] --END-- [ RunTime:0.000556s ]
NOTIC: [8] Undefined index: openid D:\WWW\dev\register\Application\Home\Controller\CommonController.class.php 第 6 行.
SQL: SHOW COLUMNS FROM `p_message` [ RunTime:0.0071s ]
SQL: SELECT * FROM `p_message` WHERE `userid` = 5 AND `type` = 2 ORDER BY state asc  [ RunTime:0.0008s ]
INFO: [ view_parse ] --START--
INFO: [ template_filter ] --START--
INFO: Run Behavior\ContentReplaceBehavior [ RunTime:0.000092s ]
INFO: [ template_filter ] --END-- [ RunTime:0.000157s ]
INFO: Run Behavior\ParseTemplateBehavior [ RunTime:0.008738s ]
INFO: [ view_parse ] --END-- [ RunTime:0.008824s ]
INFO: [ view_filter ] --START--
INFO: Run Behavior\WriteHtmlCacheBehavior [ RunTime:0.000260s ]
INFO: [ view_filter ] --END-- [ RunTime:0.000310s ]
INFO: [ app_end ] --START--
INFO: Run Behavior\ShowPageTraceBehavior [ RunTime:0.000845s ]
INFO: [ app_end ] --END-- [ RunTime:0.000906s ]

[ 2017-03-16T21:11:22+08:00 ] 127.0.0.1 /register/index.php/Home/User/appeallist
INFO: [ app_init ] --START--
INFO: Run Behavior\BuildLiteBehavior [ RunTime:0.000022s ]
INFO: [ app_init ] --END-- [ RunTime:0.000589s ]
INFO: [ app_begin ] --START--
INFO: Run Behavior\ReadHtmlCacheBehavior [ RunTime:0.000681s ]
INFO: [ app_begin ] --END-- [ RunTime:0.000769s ]
NOTIC: [8] Undefined index: openid D:\WWW\dev\register\Application\Home\Controller\CommonController.class.php 第 6 行.
SQL: SHOW COLUMNS FROM `p_message` [ RunTime:0.0071s ]
SQL: SELECT * FROM `p_message` WHERE `userid` = 5 AND `type` = 2 ORDER BY state asc  [ RunTime:0.0009s ]
INFO: [ view_parse ] --START--
INFO: [ template_filter ] --START--
INFO: Run Behavior\ContentReplaceBehavior [ RunTime:0.000128s ]
INFO: [ template_filter ] --END-- [ RunTime:0.000223s ]
INFO: Run Behavior\ParseTemplateBehavior [ RunTime:0.009103s ]
INFO: [ view_parse ] --END-- [ RunTime:0.009170s ]
INFO: [ view_filter ] --START--
INFO: Run Behavior\WriteHtmlCacheBehavior [ RunTime:0.000241s ]
INFO: [ view_filter ] --END-- [ RunTime:0.000289s ]
INFO: [ app_end ] --START--
INFO: Run Behavior\ShowPageTraceBehavior [ RunTime:0.000491s ]
INFO: [ app_end ] --END-- [ RunTime:0.000535s ]

[ 2017-03-16T21:11:51+08:00 ] 127.0.0.1 /register/index.php/Home/User/appeallist
INFO: [ app_init ] --START--
INFO: Run Behavior\BuildLiteBehavior [ RunTime:0.000015s ]
INFO: [ app_init ] --END-- [ RunTime:0.000458s ]
INFO: [ app_begin ] --START--
INFO: Run Behavior\ReadHtmlCacheBehavior [ RunTime:0.000497s ]
INFO: [ app_begin ] --END-- [ RunTime:0.000555s ]
NOTIC: [8] Undefined index: openid D:\WWW\dev\register\Application\Home\Controller\CommonController.class.php 第 6 行.
SQL: SHOW COLUMNS FROM `p_message` [ RunTime:0.0054s ]
SQL: SELECT * FROM `p_message` WHERE `userid` = 5 AND `type` = 2 ORDER BY state asc  [ RunTime:0.0010s ]
INFO: [ view_parse ] --START--
INFO: [ template_filter ] --START--
INFO: Run Behavior\ContentReplaceBehavior [ RunTime:0.000088s ]
INFO: [ template_filter ] --END-- [ RunTime:0.000150s ]
INFO: Run Behavior\ParseTemplateBehavior [ RunTime:0.010101s ]
INFO: [ view_parse ] --END-- [ RunTime:0.010168s ]
INFO: [ view_filter ] --START--
INFO: Run Behavior\WriteHtmlCacheBehavior [ RunTime:0.000303s ]
INFO: [ view_filter ] --END-- [ RunTime:0.000354s ]
INFO: [ app_end ] --START--
INFO: Run Behavior\ShowPageTraceBehavior [ RunTime:0.000513s ]
INFO: [ app_end ] --END-- [ RunTime:0.000569s ]

[ 2017-03-16T21:12:18+08:00 ] 127.0.0.1 /register/index.php/Home/User/appeal.html
INFO: [ app_init ] --START--
INFO: Run Behavior\BuildLiteBehavior [ RunTime:0.000015s ]
INFO: [ app_init ] --END-- [ RunTime:0.000367s ]
INFO: [ app_begin ] --START--
INFO: Run Behavior\ReadHtmlCacheBehavior [ RunTime:0.000445s ]
INFO: [ app_begin ] --END-- [ RunTime:0.000501s ]
NOTIC: [8] Undefined index: openid D:\WWW\dev\register\Application\Home\Controller\CommonController.class.php 第 6 行.
ERR: 模板不存在:./Application/Home/View/User/appeal.html

[ 2017-03-16T21:12:33+08:00 ] 127.0.0.1 /register/index.php/Home/Index/
INFO: [ app_init ] --START--
INFO: Run Behavior\BuildLiteBehavior [ RunTime:0.000015s ]
INFO: [ app_init ] --END-- [ RunTime:0.000394s ]
INFO: [ app_begin ] --START--
INFO: Run Behavior\ReadHtmlCacheBehavior [ RunTime:0.000842s ]
INFO: [ app_begin ] --END-- [ RunTime:0.000941s ]
NOTIC: [8] Undefined index: openid D:\WWW\dev\register\Application\Home\Controller\CommonController.class.php 第 6 行.
INFO: [ view_parse ] --START--
INFO: [ template_filter ] --START--
INFO: Run Behavior\ContentReplaceBehavior [ RunTime:0.000155s ]
INFO: [ template_filter ] --END-- [ RunTime:0.000277s ]
NOTIC: [8] Undefined variable: signPackage D:\WWW\dev\register\Application\Runtime\Cache\Home\2a94b8bda04ff446dcedd42276fc99ee.php 第 102 行.
NOTIC: [8] Undefined variable: signPackage D:\WWW\dev\register\Application\Runtime\Cache\Home\2a94b8bda04ff446dcedd42276fc99ee.php 第 103 行.
NOTIC: [8] Undefined variable: signPackage D:\WWW\dev\register\Application\Runtime\Cache\Home\2a94b8bda04ff446dcedd42276fc99ee.php 第 104 行.
NOTIC: [8] Undefined variable: signPackage D:\WWW\dev\register\Application\Runtime\Cache\Home\2a94b8bda04ff446dcedd42276fc99ee.php 第 105 行.
INFO: Run Behavior\ParseTemplateBehavior [ RunTime:0.009425s ]
INFO: [ view_parse ] --END-- [ RunTime:0.009490s ]
INFO: [ view_filter ] --START--
INFO: Run Behavior\WriteHtmlCacheBehavior [ RunTime:0.000259s ]
INFO: [ view_filter ] --END-- [ RunTime:0.000302s ]
INFO: [ app_end ] --START--
INFO: Run Behavior\ShowPageTraceBehavior [ RunTime:0.000456s ]
INFO: [ app_end ] --END-- [ RunTime:0.000500s ]

[ 2017-03-16T21:12:38+08:00 ] 127.0.0.1 /register/index.php/Home/User/leave.html
INFO: [ app_init ] --START--
INFO: Run Behavior\BuildLiteBehavior [ RunTime:0.000015s ]
INFO: [ app_init ] --END-- [ RunTime:0.000367s ]
INFO: [ app_begin ] --START--
INFO: Run Behavior\ReadHtmlCacheBehavior [ RunTime:0.000465s ]
INFO: [ app_begin ] --END-- [ RunTime:0.000524s ]
NOTIC: [8] Undefined index: openid D:\WWW\dev\register\Application\Home\Controller\CommonController.class.php 第 6 行.
SQL: SHOW COLUMNS FROM `p_message` [ RunTime:0.0092s ]
SQL: SELECT * FROM `p_message` WHERE `userid` = 5 AND `type` = 1 ORDER BY state asc  [ RunTime:0.0015s ]
INFO: [ view_parse ] --START--
INFO: [ template_filter ] --START--
INFO: Run Behavior\ContentReplaceBehavior [ RunTime:0.000087s ]
INFO: [ template_filter ] --END-- [ RunTime:0.000145s ]
INFO: Run Behavior\ParseTemplateBehavior [ RunTime:0.008481s ]
INFO: [ view_parse ] --END-- [ RunTime:0.008543s ]
INFO: [ view_filter ] --START--
INFO: Run Behavior\WriteHtmlCacheBehavior [ RunTime:0.000230s ]
INFO: [ view_filter ] --END-- [ RunTime:0.000274s ]
INFO: [ app_end ] --START--
INFO: Run Behavior\ShowPageTraceBehavior [ RunTime:0.000465s ]
INFO: [ app_end ] --END-- [ RunTime:0.000511s ]

[ 2017-03-16T21:12:39+08:00 ] 127.0.0.1 /register/index.php/Home/User/enroll.html
INFO: [ app_init ] --START--
INFO: Run Behavior\BuildLiteBehavior [ RunTime:0.000014s ]
INFO: [ app_init ] --END-- [ RunTime:0.000354s ]
INFO: [ app_begin ] --START--
INFO: Run Behavior\ReadHtmlCacheBehavior [ RunTime:0.000424s ]
INFO: [ app_begin ] --END-- [ RunTime:0.000479s ]
NOTIC: [8] Undefined index: openid D:\WWW\dev\register\Application\Home\Controller\CommonController.class.php 第 6 行.
INFO: [ view_parse ] --START--
INFO: [ template_filter ] --START--
INFO: Run Behavior\ContentReplaceBehavior [ RunTime:0.000150s ]
INFO: [ template_filter ] --END-- [ RunTime:0.000217s ]
INFO: Run Behavior\ParseTemplateBehavior [ RunTime:0.008023s ]
INFO: [ view_parse ] --END-- [ RunTime:0.008091s ]
INFO: [ view_filter ] --START--
INFO: Run Behavior\WriteHtmlCacheBehavior [ RunTime:0.000261s ]
INFO: [ view_filter ] --END-- [ RunTime:0.000305s ]
INFO: [ app_end ] --START--
INFO: Run Behavior\ShowPageTraceBehavior [ RunTime:0.000487s ]
INFO: [ app_end ] --END-- [ RunTime:0.000533s ]

[ 2017-03-16T21:20:14+08:00 ] 127.0.0.1 /register/index.php/Home/User/enroll.html
INFO: [ app_init ] --START--
INFO: Run Behavior\BuildLiteBehavior [ RunTime:0.000015s ]
INFO: [ app_init ] --END-- [ RunTime:0.000426s ]
INFO: [ app_begin ] --START--
INFO: Run Behavior\ReadHtmlCacheBehavior [ RunTime:0.000491s ]
INFO: [ app_begin ] --END-- [ RunTime:0.000583s ]
NOTIC: [8] Undefined index: openid D:\WWW\dev\register\Application\Home\Controller\CommonController.class.php 第 6 行.
INFO: [ view_parse ] --START--
INFO: [ template_filter ] --START--
INFO: Run Behavior\ContentReplaceBehavior [ RunTime:0.000166s ]
INFO: [ template_filter ] --END-- [ RunTime:0.000227s ]
INFO: Run Behavior\ParseTemplateBehavior [ RunTime:0.009332s ]
INFO: [ view_parse ] --END-- [ RunTime:0.009401s ]
INFO: [ view_filter ] --START--
INFO: Run Behavior\WriteHtmlCacheBehavior [ RunTime:0.000302s ]
INFO: [ view_filter ] --END-- [ RunTime:0.000346s ]
INFO: [ app_end ] --START--
INFO: Run Behavior\ShowPageTraceBehavior [ RunTime:0.000548s ]
INFO: [ app_end ] --END-- [ RunTime:0.000594s ]

[ 2017-03-16T21:20:20+08:00 ] 127.0.0.1 /register/index.php/Home/Index/
INFO: [ app_init ] --START--
INFO: Run Behavior\BuildLiteBehavior [ RunTime:0.000017s ]
INFO: [ app_init ] --END-- [ RunTime:0.000450s ]
INFO: [ app_begin ] --START--
INFO: Run Behavior\ReadHtmlCacheBehavior [ RunTime:0.000457s ]
INFO: [ app_begin ] --END-- [ RunTime:0.000516s ]
NOTIC: [8] Undefined index: openid D:\WWW\dev\register\Application\Home\Controller\CommonController.class.php 第 6 行.
INFO: [ view_parse ] --START--
INFO: [ template_filter ] --START--
INFO: Run Behavior\ContentReplaceBehavior [ RunTime:0.000182s ]
INFO: [ template_filter ] --END-- [ RunTime:0.000294s ]
NOTIC: [8] Undefined variable: signPackage D:\WWW\dev\register\Application\Runtime\Cache\Home\2a94b8bda04ff446dcedd42276fc99ee.php 第 102 行.
NOTIC: [8] Undefined variable: signPackage D:\WWW\dev\register\Application\Runtime\Cache\Home\2a94b8bda04ff446dcedd42276fc99ee.php 第 103 行.
NOTIC: [8] Undefined variable: signPackage D:\WWW\dev\register\Application\Runtime\Cache\Home\2a94b8bda04ff446dcedd42276fc99ee.php 第 104 行.
NOTIC: [8] Undefined variable: signPackage D:\WWW\dev\register\Application\Runtime\Cache\Home\2a94b8bda04ff446dcedd42276fc99ee.php 第 105 行.
INFO: Run Behavior\ParseTemplateBehavior [ RunTime:0.009168s ]
INFO: [ view_parse ] --END-- [ RunTime:0.009237s ]
INFO: [ view_filter ] --START--
INFO: Run Behavior\WriteHtmlCacheBehavior [ RunTime:0.000254s ]
INFO: [ view_filter ] --END-- [ RunTime:0.000297s ]
INFO: [ app_end ] --START--
INFO: Run Behavior\ShowPageTraceBehavior [ RunTime:0.000690s ]
INFO: [ app_end ] --END-- [ RunTime:0.000790s ]

[ 2017-03-16T21:20:21+08:00 ] 127.0.0.1 /register/index.php/Home/User/appeallist
INFO: [ app_init ] --START--
INFO: Run Behavior\BuildLiteBehavior [ RunTime:0.000021s ]
INFO: [ app_init ] --END-- [ RunTime:0.000474s ]
INFO: [ app_begin ] --START--
INFO: Run Behavior\ReadHtmlCacheBehavior [ RunTime:0.000526s ]
INFO: [ app_begin ] --END-- [ RunTime:0.000587s ]
NOTIC: [8] Undefined index: openid D:\WWW\dev\register\Application\Home\Controller\CommonController.class.php 第 6 行.
SQL: SHOW COLUMNS FROM `p_message` [ RunTime:0.0066s ]
SQL: SELECT * FROM `p_message` WHERE `userid` = 5 AND `type` = 2 ORDER BY state asc  [ RunTime:0.0014s ]
INFO: [ view_parse ] --START--
INFO: [ template_filter ] --START--
INFO: Run Behavior\ContentReplaceBehavior [ RunTime:0.000086s ]
INFO: [ template_filter ] --END-- [ RunTime:0.000188s ]
INFO: Run Behavior\ParseTemplateBehavior [ RunTime:0.009430s ]
INFO: [ view_parse ] --END-- [ RunTime:0.009529s ]
INFO: [ view_filter ] --START--
INFO: Run Behavior\WriteHtmlCacheBehavior [ RunTime:0.000231s ]
INFO: [ view_filter ] --END-- [ RunTime:0.000275s ]
INFO: [ app_end ] --START--
INFO: Run Behavior\ShowPageTraceBehavior [ RunTime:0.000509s ]
INFO: [ app_end ] --END-- [ RunTime:0.000578s ]

[ 2017-03-16T21:21:43+08:00 ] 127.0.0.1 /register/index.php/Home/User/appeallist
INFO: [ app_init ] --START--
INFO: Run Behavior\BuildLiteBehavior [ RunTime:0.000017s ]
INFO: [ app_init ] --END-- [ RunTime:0.000425s ]
INFO: [ app_begin ] --START--
INFO: Run Behavior\ReadHtmlCacheBehavior [ RunTime:0.000446s ]
INFO: [ app_begin ] --END-- [ RunTime:0.000504s ]
NOTIC: [8] Undefined index: openid D:\WWW\dev\register\Application\Home\Controller\CommonController.class.php 第 6 行.
SQL: SHOW COLUMNS FROM `p_message` [ RunTime:0.0067s ]
SQL: SELECT * FROM `p_message` WHERE `userid` = 5 AND `type` = 2 ORDER BY state asc  [ RunTime:0.0011s ]
INFO: [ view_parse ] --START--
INFO: [ template_filter ] --START--
INFO: Run Behavior\ContentReplaceBehavior [ RunTime:0.000084s ]
INFO: [ template_filter ] --END-- [ RunTime:0.000151s ]
INFO: Run Behavior\ParseTemplateBehavior [ RunTime:0.007921s ]
INFO: [ view_parse ] --END-- [ RunTime:0.007990s ]
INFO: [ view_filter ] --START--
INFO: Run Behavior\WriteHtmlCacheBehavior [ RunTime:0.000229s ]
INFO: [ view_filter ] --END-- [ RunTime:0.000272s ]
INFO: [ app_end ] --START--
INFO: Run Behavior\ShowPageTraceBehavior [ RunTime:0.000458s ]
INFO: [ app_end ] --END-- [ RunTime:0.000505s ]

