[ 2017-03-13T14:37:57+08:00 ] 127.0.0.1 /register/index.php/Home/Index/
INFO: [ app_init ] --START--
INFO: Run Behavior\BuildLiteBehavior [ RunTime:0.000113s ]
INFO: [ app_init ] --END-- [ RunTime:0.043498s ]
INFO: [ app_begin ] --START--
INFO: Run Behavior\ReadHtmlCacheBehavior [ RunTime:0.008511s ]
INFO: [ app_begin ] --END-- [ RunTime:0.008593s ]
NOTIC: [2] file_get_contents(jsapi_ticket.php): failed to open stream: No such file or directory D:\WWW\dev\register\ThinkPHP\Library\Org\Util\Jsdk.class.php 第 106 行.
NOTIC: [8] Trying to get property of non-object D:\WWW\dev\register\ThinkPHP\Library\Org\Util\Jsdk.class.php 第 50 行.
NOTIC: [2] file_get_contents(access_token.php): failed to open stream: No such file or directory D:\WWW\dev\register\ThinkPHP\Library\Org\Util\Jsdk.class.php 第 106 行.
NOTIC: [8] Trying to get property of non-object D:\WWW\dev\register\ThinkPHP\Library\Org\Util\Jsdk.class.php 第 72 行.
NOTIC: [8] curl_setopt(): CURLOPT_SSL_VERIFYHOST no longer accepts the value 1, value 2 will be used instead D:\WWW\dev\register\ThinkPHP\Library\Org\Util\Jsdk.class.php 第 96 行.
NOTIC: [8] Trying to get property of non-object D:\WWW\dev\register\ThinkPHP\Library\Org\Util\Jsdk.class.php 第 77 行.
NOTIC: [8] curl_setopt(): CURLOPT_SSL_VERIFYHOST no longer accepts the value 1, value 2 will be used instead D:\WWW\dev\register\ThinkPHP\Library\Org\Util\Jsdk.class.php 第 96 行.
NOTIC: [8] Trying to get property of non-object D:\WWW\dev\register\ThinkPHP\Library\Org\Util\Jsdk.class.php 第 56 行.
INFO: [ view_parse ] --START--
INFO: [ template_filter ] --START--
INFO: Run Behavior\ContentReplaceBehavior [ RunTime:0.009226s ]
INFO: [ template_filter ] --END-- [ RunTime:0.009377s ]
INFO: Run Behavior\ParseTemplateBehavior [ RunTime:0.170366s ]
INFO: [ view_parse ] --END-- [ RunTime:0.170445s ]
INFO: [ view_filter ] --START--
INFO: Run Behavior\WriteHtmlCacheBehavior [ RunTime:0.015654s ]
INFO: [ view_filter ] --END-- [ RunTime:0.015725s ]
INFO: [ app_end ] --START--
INFO: Run Behavior\ShowPageTraceBehavior [ RunTime:0.011491s ]
INFO: [ app_end ] --END-- [ RunTime:0.011560s ]

[ 2017-03-13T14:38:11+08:00 ] 127.0.0.1 /register/index.php/Home/User/clock.html
INFO: [ app_init ] --START--
INFO: Run Behavior\BuildLiteBehavior [ RunTime:0.000016s ]
INFO: [ app_init ] --END-- [ RunTime:0.000394s ]
INFO: [ app_begin ] --START--
INFO: Run Behavior\ReadHtmlCacheBehavior [ RunTime:0.000442s ]
INFO: [ app_begin ] --END-- [ RunTime:0.000501s ]
SQL: SHOW COLUMNS FROM `p_log` [ RunTime:0.0454s ]
SQL: SELECT * FROM `p_log` WHERE `userid` = 1 ORDER BY id desc  [ RunTime:0.0093s ]
INFO: [ view_parse ] --START--
INFO: [ template_filter ] --START--
INFO: Run Behavior\ContentReplaceBehavior [ RunTime:0.000098s ]
INFO: [ template_filter ] --END-- [ RunTime:0.000184s ]
INFO: Run Behavior\ParseTemplateBehavior [ RunTime:0.024959s ]
INFO: [ view_parse ] --END-- [ RunTime:0.025079s ]
INFO: [ view_filter ] --START--
INFO: Run Behavior\WriteHtmlCacheBehavior [ RunTime:0.000310s ]
INFO: [ view_filter ] --END-- [ RunTime:0.000365s ]
INFO: [ app_end ] --START--
INFO: Run Behavior\ShowPageTraceBehavior [ RunTime:0.000592s ]
INFO: [ app_end ] --END-- [ RunTime:0.000646s ]

